#
# A fatal error has been detected by the Java Runtime Environment:
#
#  EXCEPTION_ACCESS_VIOLATION (0xc0000005) at pc=0x00000271d6ad6624, pid=3172, tid=5040
#
# JRE version: Java(TM) SE Runtime Environment (21.0.6+8) (build 21.0.6+8-LTS-188)
# Java VM: Java HotSpot(TM) 64-Bit Server VM (21.0.6+8-LTS-188, mixed mode, sharing, tiered, compressed oops, compressed class ptrs, g1 gc, windows-amd64)
# Problematic frame:
# v  ~BufferBlob::MethodHandles adapters 0x00000271d6ad6624
#
# No core dump will be written. Minidumps are not enabled by default on client versions of Windows
#
# If you would like to submit a bug report, please visit:
#   https://bugreport.java.com/bugreport/crash.jsp
#

---------------  S U M M A R Y ------------

Command Line: -XX:+ShowCodeDetailsInExceptionMessages -agentlib:jdwp=transport=dt_socket,suspend=y,address=localhost:52979 -javaagent:C:\E\TOOLS\JAVA_21\ECLIPSE_JAVA21_INSTALL\eclipse\configuration\org.eclipse.osgi\450\0\.cp\lib\javaagent-shaded.jar -Dfile.encoding=UTF-8 -Dstdout.encoding=UTF-8 -Dstderr.encoding=UTF-8 com.chj.gr.ClientConsumerApplication

Host: Intel(R) Core(TM) i7-4720HQ CPU @ 2.60GHz, 8 cores, 15G,  Windows 10 , 64 bit Build 17763 (10.0.17763.7009)
Time: Mon May 26 16:41:11 2025 Paris, Madrid (heure d’été) elapsed time: 407.833383 seconds (0d 0h 6m 47s)

---------------  T H R E A D  ---------------

Current thread (0x00000271f163f550):  JavaThread "http-nio-8083-exec-6" daemon [_thread_in_Java, id=5040, stack(0x000000e4e6e00000,0x000000e4e6f00000) (1024K)]

Stack: [0x000000e4e6e00000,0x000000e4e6f00000],  sp=0x000000e4e6efd208,  free space=1012k
Native frames: (J=compiled Java code, j=interpreted, Vv=VM code, C=native code)
C  0x00000271d6ad6624

The last pc belongs to _linkToVirtual (printed below).

siginfo: EXCEPTION_ACCESS_VIOLATION (0xc0000005), reading address 0x000002790349e4ea


Registers:
RAX=0x00000271d6a896b9, RBX=0x0000000702efb090, RCX=0x000000e4e6efd210, RDX=0x0000000000000002
RSP=0x000000e4e6efd208, RBP=0x000000e4e6efd258, RSI=0x00000271f1e873f8, RDI=0x00000271ec6b2710
R8 =0x0000000000000004, R9 =0x0000000000000004, R10=0x000002720072bd9a, R11=0x00000000e05ae4b2
R12=0x0000000000000000, R13=0x000000e4e6efd208, R14=0x000000e4e6efd278, R15=0x00000271f163f550
RIP=0x00000271d6ad6624, EFLAGS=0x0000000000010206


Register to memory mapping:

RAX=0x00000271d6a896b9 is at code_begin+4665 in an Interpreter codelet
return entry points  [0x00000271d6a88480, 0x00000271d6a8a590]  8464 bytes
RBX=0x0000000702efb090 is an oop: com.chj.gr.controller.Ms3CallPublicController 
{0x0000000702efb090} - klass: 'com/chj/gr/controller/Ms3CallPublicController'
 - ---- fields (total size 3 words):
 - private 'restTemplate' 'Lorg/springframework/web/client/RestTemplate;' @12  a 'org/springframework/web/client/RestTemplate'{0x0000000702e391a0} (0xe05c7234)
 - private 'callerDestinationProperties' 'Lcom/chj/gr/properties/CallerDestinationProperties;' @16  a 'com/chj/gr/properties/CallerDestinationProperties$$EnhancerBySpringCGLIB$$b90fd5a1'{0x0000000702d72590} (0xe05ae4b2)
RCX=0x000000e4e6efd210 is pointing into the stack for thread: 0x00000271f163f550
RDX=0x0000000000000002 is an unknown value
RSP=0x000000e4e6efd208 is pointing into the stack for thread: 0x00000271f163f550
RBP=0x000000e4e6efd258 is pointing into the stack for thread: 0x00000271f163f550
RSI=0x00000271f1e873f8 points into unknown readable memory: 0x8000120040bfcb21 | 21 cb bf 40 00 12 00 80
RDI=0x00000271ec6b2710 points into unknown readable memory: 0x0000001800000060 | 60 00 00 00 18 00 00 00
R8 =0x0000000000000004 is an unknown value
R9 =0x0000000000000004 is an unknown value
R10=0x000002720072bd9a is an unknown value
R11=3764053170 is a compressed pointer to object: com.chj.gr.properties.CallerDestinationProperties$$EnhancerBySpringCGLIB$$b90fd5a1 
{0x0000000702d72590} - klass: 'com/chj/gr/properties/CallerDestinationProperties$$EnhancerBySpringCGLIB$$b90fd5a1'
 - ---- fields (total size 6 words):
 - private 'destination' 'Ljava/util/Map;' @12  null (0x00000000)
 - private 'CGLIB$BOUND' 'Z' @16  false (0x00)
 - private 'CGLIB$CALLBACK_0' 'Lorg/springframework/cglib/proxy/MethodInterceptor;' @20  a 'org/springframework/aop/framework/CglibAopProxy$DynamicAdvisedInterceptor'{0x0000000702d725c0} (0xe05ae4b8)
 - private 'CGLIB$CALLBACK_1' 'Lorg/springframework/cglib/proxy/MethodInterceptor;' @24  a 'org/springframework/aop/framework/CglibAopProxy$DynamicUnadvisedInterceptor'{0x0000000702d72800} (0xe05ae500)
 - private 'CGLIB$CALLBACK_2' 'Lorg/springframework/cglib/proxy/NoOp;' @28  a 'org/springframework/aop/framework/CglibAopProxy$SerializableNoOp'{0x0000000702d72810} (0xe05ae502)
 - private 'CGLIB$CALLBACK_3' 'Lorg/springframework/cglib/proxy/NoOp;' @32  a 'org/springframework/aop/framework/CglibAopProxy$SerializableNoOp'{0x0000000702d72820} (0xe05ae504)
 - private 'CGLIB$CALLBACK_4' 'Lorg/springframework/cglib/proxy/Dispatcher;' @36  a 'org/springframework/aop/framework/CglibAopProxy$AdvisedDispatcher'{0x0000000702d72830} (0xe05ae506)
 - private 'CGLIB$CALLBACK_5' 'Lorg/springframework/cglib/proxy/MethodInterceptor;' @40  a 'org/springframework/aop/framework/CglibAopProxy$EqualsInterceptor'{0x0000000702d72840} (0xe05ae508)
 - private 'CGLIB$CALLBACK_6' 'Lorg/springframework/cglib/proxy/MethodInterceptor;' @44  a 'org/springframework/aop/framework/CglibAopProxy$HashCodeInterceptor'{0x0000000702d72850} (0xe05ae50a)
R12=0x0 is null
R13=0x000000e4e6efd208 is pointing into the stack for thread: 0x00000271f163f550
R14=0x000000e4e6efd278 is pointing into the stack for thread: 0x00000271f163f550
R15=0x00000271f163f550 is a thread

Top of Stack: (sp=0x000000e4e6efd208)
0x000000e4e6efd208:   00000271d6a896b9 000000e4e6efd210
0x000000e4e6efd218:   000002718072bd9a 0000000000000004
0x000000e4e6efd228:   00000271800b1870 00000271e9567fe8
0x000000e4e6efd238:   00000007017f1730 00000271800b43c0
0x000000e4e6efd248:   000000e4e6efd208 000000e4e6efd280
0x000000e4e6efd258:   000000e4e6efd598 00000271cfac8bd0
0x000000e4e6efd268:   00000007081d32f8 0000000702efb090
0x000000e4e6efd278:   00000007081d3448 000000e4e6efcb80
0x000000e4e6efd288:   000000e4e6efcb84 00000007023fdc38
0x000000e4e6efd298:   00000007081d3618 0000000702efb090
0x000000e4e6efd2a8:   00000007081d35c8 00000007081d3448
0x000000e4e6efd2b8:   0000000702efb090 00000271cfac8a84
0x000000e4e6efd2c8:   00007ffe49525ec5 000000e4e6efd598
0x000000e4e6efd2d8:   00000271d0275073 0000000000000000
0x000000e4e6efd2e8:   00000000e72adb38 00000007023fdc38
0x000000e4e6efd2f8:   00000271d703791e 00000007081d3260
0x000000e4e6efd308:   0000000000000001 0000000000000000
0x000000e4e6efd318:   0000000000000000 00000007081d3260
0x000000e4e6efd328:   0000000703381c30 0000000000000000
0x000000e4e6efd338:   0000000000000000 0000000000000000
0x000000e4e6efd348:   0000000000000000 0000000000000000
0x000000e4e6efd358:   0000000000000c00 000000e4e6efd598
0x000000e4e6efd368:   00000271cf8981e4 0000000000000000
0x000000e4e6efd378:   0000000000000000 0000000000000000
0x000000e4e6efd388:   0000000000000000 00000007081d3640
0x000000e4e6efd398:   000000070818b088 0000000702efb090
0x000000e4e6efd3a8:   00000000e9fd8500 00000271f163f550
0x000000e4e6efd3b8:   0000000000000000 00010101ffffffff
0x000000e4e6efd3c8:   0000002800000000 0000000000000000
0x000000e4e6efd3d8:   00000271e96c1c68 000000000000001c
0x000000e4e6efd3e8:   0000000702d787c8 0000000703381c30
0x000000e4e6efd3f8:   00000007081d3618 00000007023fdc38 

Instructions: (pc=0x00000271d6ad6624)
0x00000271d6ad6524:   71 02 00 00 80 65 ad d6 71 02 00 00 00 76 ad d6
0x00000271d6ad6534:   71 02 00 00 70 65 ad d6 71 02 00 00 70 65 ad d6
0x00000271d6ad6544:   71 02 00 00 00 00 00 00 00 00 00 00 10 4f a5 49
0x00000271d6ad6554:   fe 7f 00 00 f0 10 00 00 60 00 00 00 ff ff ff ff
0x00000271d6ad6564:   f0 10 00 00 00 00 00 00 00 00 00 00 00 00 00 00
0x00000271d6ad6574:   00 00 00 00 00 00 00 00 00 00 00 00 f4 66 66 66
0x00000271d6ad6584:   0f 1f 84 00 00 00 00 00 66 66 66 90 66 66 66 0f
0x00000271d6ad6594:   1f 84 00 00 00 00 00 66 66 66 90 90 48 8b 53 08
0x00000271d6ad65a4:   0f b7 52 2e 48 8b 0c d4 8b 59 14 48 c1 e3 03 8b
0x00000271d6ad65b4:   5b 28 48 c1 e3 03 8b 5b 24 48 c1 e3 03 48 8b 5b
0x00000271d6ad65c4:   10 48 85 db 0f 84 10 00 00 00 41 80 bf d8 05 00
0x00000271d6ad65d4:   00 00 74 03 ff 63 38 ff 63 50 e9 1d c0 fd ff 66
0x00000271d6ad65e4:   66 66 0f 1f 84 00 00 00 00 00 66 66 66 90 66 66
0x00000271d6ad65f4:   0f 1f 84 00 00 00 00 00 66 66 66 90 48 8b 53 08
0x00000271d6ad6604:   0f b7 52 2e 48 8b 0c d4 58 5b 50 44 8b 51 08 49
0x00000271d6ad6614:   bb 00 00 00 80 71 02 00 00 4d 03 d3 4c 8b 5b 10
0x00000271d6ad6624:   4b 8b 9c da c0 01 00 00 48 85 db 0f 84 10 00 00
0x00000271d6ad6634:   00 41 80 bf d8 05 00 00 00 74 03 ff 63 38 ff 63
0x00000271d6ad6644:   50 e9 b6 bf fd ff 66 66 66 0f 1f 84 00 00 00 00
0x00000271d6ad6654:   00 66 66 66 90 0f 1f 80 00 00 00 00 58 5b 50 8b
0x00000271d6ad6664:   5b 24 48 c1 e3 03 48 8b 5b 10 48 85 db 0f 84 10
0x00000271d6ad6674:   00 00 00 41 80 bf d8 05 00 00 00 74 03 ff 63 38
0x00000271d6ad6684:   ff 63 50 e9 74 bf fd ff 66 66 66 0f 1f 84 00 00
0x00000271d6ad6694:   00 00 00 66 66 66 90 0f 1f 44 00 00 48 8b 53 08
0x00000271d6ad66a4:   0f b7 52 2e 48 8b 0c d4 58 5b 50 48 3b 01 8b 5b
0x00000271d6ad66b4:   24 48 c1 e3 03 48 8b 5b 10 48 85 db 0f 84 10 00
0x00000271d6ad66c4:   00 00 41 80 bf d8 05 00 00 00 74 03 ff 63 38 ff
0x00000271d6ad66d4:   63 50 e9 25 bf fd ff 0f 1f 44 00 00 48 8b 53 08
0x00000271d6ad66e4:   0f b7 52 2e 48 8b 0c d4 58 5b 50 44 8b 51 08 49
0x00000271d6ad66f4:   bb 00 00 00 80 71 02 00 00 4d 03 d3 8b 43 18 48
0x00000271d6ad6704:   c1 e0 03 48 8b 40 10 48 8b 5b 10 45 8b 9a a0 00
0x00000271d6ad6714:   00 00 4f 8d 9c da c0 01 00 00 4d 8d 14 da 49 8b 


Stack slot to memory mapping:

stack at sp + 0 slots: 0x00000271d6a896b9 is at code_begin+4665 in an Interpreter codelet
return entry points  [0x00000271d6a88480, 0x00000271d6a8a590]  8464 bytes
stack at sp + 1 slots: 0x000000e4e6efd210 is pointing into the stack for thread: 0x00000271f163f550
stack at sp + 2 slots: 0x000002718072bd9a is pointing into metadata
stack at sp + 3 slots: 0x0000000000000004 is an unknown value
stack at sp + 4 slots: 0x00000271800b1870 is pointing into metadata
stack at sp + 5 slots: 0x00000271e9567fe8 is pointing into metadata
stack at sp + 6 slots: 0x00000007017f1730 is an oop: java.lang.Class 
{0x00000007017f1730} - klass: 'java/lang/Class'
 - ---- fields (total size 14 words):
 - private volatile transient 'classRedefinedCount' 'I' @12  0 (0x00000000)
 - injected 'klass' 'J' @16  2686502769736 (0x00000271800b1448)
 - injected 'array_klass' 'J' @24  0 (0x0000000000000000)
 - injected 'oop_size' 'I' @32  14 (0x0000000e)
 - injected 'static_oop_field_count' 'I' @36  0 (0x00000000)
 - private volatile transient 'cachedConstructor' 'Ljava/lang/reflect/Constructor;' @40  null (0x00000000)
 - private transient 'name' 'Ljava/lang/String;' @44  null (0x00000000)
 - private transient 'module' 'Ljava/lang/Module;' @48  a 'java/lang/Module'{0x0000000701800980} (0xe0300130)
 - private final 'classLoader' 'Ljava/lang/ClassLoader;' @52  null (0x00000000)
 - private transient 'classData' 'Ljava/lang/Object;' @56  null (0x00000000)
 - private transient 'packageName' 'Ljava/lang/String;' @60  null (0x00000000)
 - private final 'componentType' 'Ljava/lang/Class;' @64  null (0x00000000)
 - private volatile transient 'reflectionData' 'Ljava/lang/ref/SoftReference;' @68  null (0x00000000)
 - private volatile transient 'genericInfo' 'Lsun/reflect/generics/repository/ClassRepository;' @72  null (0x00000000)
 - private volatile transient 'enumConstants' '[Ljava/lang/Object;' @76  null (0x00000000)
 - private volatile transient 'enumConstantDirectory' 'Ljava/util/Map;' @80  null (0x00000000)
 - private volatile transient 'annotationData' 'Ljava/lang/Class$AnnotationData;' @84  null (0x00000000)
 - private volatile transient 'annotationType' 'Lsun/reflect/annotation/AnnotationType;' @88  null (0x00000000)
 - transient 'classValueMap' 'Ljava/lang/ClassValue$ClassValueMap;' @92  null (0x00000000)
 - injected 'protection_domain' 'Ljava/lang/Object;' @96  null (0x00000000)
 - injected 'signers_name' 'Ljava/lang/Object;' @100  null (0x00000000)
 - injected 'source_file' 'Ljava/lang/Object;' @104  null (0x00000000)
 - injected '<init_lock>' 'Ljava/lang/Object;' @108  null (0x00000000)
 - signature: Ljava/lang/invoke/DirectMethodHandle$Holder;
 - ---- static fields (0):
stack at sp + 7 slots: {method} {0x00000271800b43c8} 'invokeVirtual' '(Ljava/lang/Object;Ljava/lang/Object;)Ljava/lang/Object;' in 'java/lang/invoke/DirectMethodHandle$Holder'

MethodHandle::interpreter_entry::_linkToVirtual [0x00000271d6ad65e3, 0x00000271d6ad664a] (103 bytes)
[MachCode]
  0x00000271d6ad65e3: 6666 660f | 1f84 0000 | 0000 0066 | 6666 9066 | 660f 1f84 | 0000 0000 | 0066 6666 | 9048 8b53 
  0x00000271d6ad6603: 080f b752 | 2e48 8b0c | d458 5b50 | 448b 5108 | 49bb 0000 | 0080 7102 | 0000 4d03 | d34c 8b5b 
  0x00000271d6ad6623: 104b 8b9c | dac0 0100 | 0048 85db | 0f84 1000 | 0000 4180 | bfd8 0500 | 0000 7403 | ff63 38ff 
  0x00000271d6ad6643: 6350 e9b6 | 
[/MachCode]

---------------  P R O C E S S  ---------------

Threads class SMR info:
_java_thread_list=0x00000271f58371a0, length=41, elements={
0x00000271e6a5a820, 0x00000271e6a5bd50, 0x00000271e6a619c0, 0x00000271e6a64470,
0x00000271e6a67260, 0x00000271e6a66bd0, 0x00000271e6a6e840, 0x00000271e6a772e0,
0x00000271e6a65820, 0x00000271e6da6120, 0x00000271e6da67a0, 0x00000271e6e9f510,
0x00000271e6a65190, 0x00000271ed249d00, 0x00000271ed24a390, 0x00000271ed24caf0,
0x00000271ed24aa20, 0x00000271f163b3b0, 0x00000271f163ba40, 0x00000271f163a000,
0x00000271f163c0d0, 0x00000271f1638c50, 0x00000271f163e830, 0x00000271f16392e0,
0x00000271f163eec0, 0x00000271f163a690, 0x00000271f163f550, 0x00000271f163cdf0,
0x00000271f163ad20, 0x00000271ed24dea0, 0x00000271ed2482c0, 0x00000271ed2475a0,
0x00000271ed248950, 0x00000271ed24bdd0, 0x00000271ed24c460, 0x00000271ed247c30,
0x00000271e6a64b00, 0x00000271e6a678f0, 0x00000271f17459b0, 0x00000271f1746040,
0x00000271f1746d60
}

Java Threads: ( => current thread )
  0x00000271e6a5a820 JavaThread "Reference Handler"          daemon [_thread_blocked, id=2628, stack(0x000000e4e4800000,0x000000e4e4900000) (1024K)]
  0x00000271e6a5bd50 JavaThread "Finalizer"                  daemon [_thread_blocked, id=820, stack(0x000000e4e4900000,0x000000e4e4a00000) (1024K)]
  0x00000271e6a619c0 JavaThread "Signal Dispatcher"          daemon [_thread_blocked, id=11860, stack(0x000000e4e4a00000,0x000000e4e4b00000) (1024K)]
  0x00000271e6a64470 JavaThread "Attach Listener"            daemon [_thread_blocked, id=7660, stack(0x000000e4e4b00000,0x000000e4e4c00000) (1024K)]
  0x00000271e6a67260 JavaThread "Service Thread"             daemon [_thread_blocked, id=8276, stack(0x000000e4e4c00000,0x000000e4e4d00000) (1024K)]
  0x00000271e6a66bd0 JavaThread "Monitor Deflation Thread"   daemon [_thread_blocked, id=704, stack(0x000000e4e4d00000,0x000000e4e4e00000) (1024K)]
  0x00000271e6a6e840 JavaThread "C2 CompilerThread0"         daemon [_thread_blocked, id=9280, stack(0x000000e4e4e00000,0x000000e4e4f00000) (1024K)]
  0x00000271e6a772e0 JavaThread "C1 CompilerThread0"         daemon [_thread_blocked, id=628, stack(0x000000e4e4f00000,0x000000e4e5000000) (1024K)]
  0x00000271e6a65820 JavaThread "Common-Cleaner"             daemon [_thread_blocked, id=12724, stack(0x000000e4e5000000,0x000000e4e5100000) (1024K)]
  0x00000271e6da6120 JavaThread "JDWP Transport Listener: dt_socket" daemon [_thread_blocked, id=6532, stack(0x000000e4e5100000,0x000000e4e5200000) (1024K)]
  0x00000271e6da67a0 JavaThread "JDWP Event Helper Thread"   daemon [_thread_blocked, id=7740, stack(0x000000e4e5200000,0x000000e4e5300000) (1024K)]
  0x00000271e6e9f510 JavaThread "JDWP Command Reader"        daemon [_thread_in_native, id=1736, stack(0x000000e4e5300000,0x000000e4e5400000) (1024K)]
  0x00000271e6a65190 JavaThread "Notification Thread"        daemon [_thread_blocked, id=12648, stack(0x000000e4e5600000,0x000000e4e5700000) (1024K)]
  0x00000271ed249d00 JavaThread "spring.cloud.inetutils"     daemon [_thread_blocked, id=9424, stack(0x000000e4e5e00000,0x000000e4e5f00000) (1024K)]
  0x00000271ed24a390 JavaThread "Catalina-utility-1"                [_thread_blocked, id=7880, stack(0x000000e4e5f00000,0x000000e4e6000000) (1024K)]
  0x00000271ed24caf0 JavaThread "Catalina-utility-2"                [_thread_blocked, id=4780, stack(0x000000e4e6300000,0x000000e4e6400000) (1024K)]
  0x00000271ed24aa20 JavaThread "container-0"                       [_thread_blocked, id=10848, stack(0x000000e4e6400000,0x000000e4e6500000) (1024K)]
  0x00000271f163b3b0 JavaThread "AsyncResolver-bootstrap-0"  daemon [_thread_blocked, id=7032, stack(0x000000e4e6500000,0x000000e4e6600000) (1024K)]
  0x00000271f163ba40 JavaThread "DiscoveryClient-0"          daemon [_thread_blocked, id=10384, stack(0x000000e4e6600000,0x000000e4e6700000) (1024K)]
  0x00000271f163a000 JavaThread "DiscoveryClient-1"          daemon [_thread_blocked, id=11912, stack(0x000000e4e6700000,0x000000e4e6800000) (1024K)]
  0x00000271f163c0d0 JavaThread "DiscoveryClient-InstanceInfoReplicator-0" daemon [_thread_blocked, id=11092, stack(0x000000e4e6800000,0x000000e4e6900000) (1024K)]
  0x00000271f1638c50 JavaThread "http-nio-8083-exec-1"       daemon [_thread_blocked, id=3640, stack(0x000000e4e6900000,0x000000e4e6a00000) (1024K)]
  0x00000271f163e830 JavaThread "http-nio-8083-exec-2"       daemon [_thread_blocked, id=10160, stack(0x000000e4e6a00000,0x000000e4e6b00000) (1024K)]
  0x00000271f16392e0 JavaThread "http-nio-8083-exec-3"       daemon [_thread_blocked, id=2532, stack(0x000000e4e6b00000,0x000000e4e6c00000) (1024K)]
  0x00000271f163eec0 JavaThread "http-nio-8083-exec-4"       daemon [_thread_blocked, id=3092, stack(0x000000e4e6c00000,0x000000e4e6d00000) (1024K)]
  0x00000271f163a690 JavaThread "http-nio-8083-exec-5"       daemon [_thread_blocked, id=10284, stack(0x000000e4e6d00000,0x000000e4e6e00000) (1024K)]
=>0x00000271f163f550 JavaThread "http-nio-8083-exec-6"       daemon [_thread_in_Java, id=5040, stack(0x000000e4e6e00000,0x000000e4e6f00000) (1024K)]
  0x00000271f163cdf0 JavaThread "http-nio-8083-exec-7"       daemon [_thread_blocked, id=13168, stack(0x000000e4e6f00000,0x000000e4e7000000) (1024K)]
  0x00000271f163ad20 JavaThread "http-nio-8083-exec-8"       daemon [_thread_blocked, id=8112, stack(0x000000e4e7000000,0x000000e4e7100000) (1024K)]
  0x00000271ed24dea0 JavaThread "http-nio-8083-exec-9"       daemon [_thread_blocked, id=11340, stack(0x000000e4e7100000,0x000000e4e7200000) (1024K)]
  0x00000271ed2482c0 JavaThread "http-nio-8083-exec-10"      daemon [_thread_blocked, id=12312, stack(0x000000e4e7200000,0x000000e4e7300000) (1024K)]
  0x00000271ed2475a0 JavaThread "http-nio-8083-Poller"       daemon [_thread_in_native, id=12796, stack(0x000000e4e7300000,0x000000e4e7400000) (1024K)]
  0x00000271ed248950 JavaThread "http-nio-8083-Acceptor"     daemon [_thread_in_native, id=1884, stack(0x000000e4e7400000,0x000000e4e7500000) (1024K)]
  0x00000271ed24bdd0 JavaThread "DestroyJavaVM"                     [_thread_blocked, id=12732, stack(0x000000e4e4000000,0x000000e4e4100000) (1024K)]
  0x00000271ed24c460 JavaThread "boundedElastic-evictor-1"   daemon [_thread_blocked, id=6276, stack(0x000000e4e7700000,0x000000e4e7800000) (1024K)]
  0x00000271ed247c30 JavaThread "pool-12-thread-1"           daemon [_thread_blocked, id=3272, stack(0x000000e4e7900000,0x000000e4e7a00000) (1024K)]
  0x00000271e6a64b00 JavaThread "AsyncReporter{RestTemplateSender{http://localhost:9411/api/v2/spans}}" daemon [_thread_blocked, id=10272, stack(0x000000e4e7a00000,0x000000e4e7b00000) (1024K)]
  0x00000271e6a678f0 JavaThread "DiscoveryClient-CacheRefreshExecutor-0" daemon [_thread_blocked, id=3288, stack(0x000000e4e7500000,0x000000e4e7600000) (1024K)]
  0x00000271f17459b0 JavaThread "DiscoveryClient-HeartbeatExecutor-0" daemon [_thread_blocked, id=13192, stack(0x000000e4e7600000,0x000000e4e7700000) (1024K)]
  0x00000271f1746040 JavaThread "AsyncResolver-bootstrap-executor-0" daemon [_thread_blocked, id=9000, stack(0x000000e4e3f00000,0x000000e4e4000000) (1024K)]
  0x00000271f1746d60 JavaThread "boundedElastic-3"           daemon [_thread_blocked, id=13200, stack(0x000000e4e3d00000,0x000000e4e3e00000) (1024K)]
Total: 41

Other Threads:
  0x00000271e6a43520 VMThread "VM Thread"                           [id=6348, stack(0x000000e4e4700000,0x000000e4e4800000) (1024K)]
  0x00000271e6a2f450 WatcherThread "VM Periodic Task Thread"        [id=11564, stack(0x000000e4e4600000,0x000000e4e4700000) (1024K)]
  0x00000271c597c4d0 WorkerThread "GC Thread#0"                     [id=12392, stack(0x000000e4e4100000,0x000000e4e4200000) (1024K)]
  0x00000271ebe145f0 WorkerThread "GC Thread#1"                     [id=12472, stack(0x000000e4e5700000,0x000000e4e5800000) (1024K)]
  0x00000271ebfdc770 WorkerThread "GC Thread#2"                     [id=7296, stack(0x000000e4e5800000,0x000000e4e5900000) (1024K)]
  0x00000271ebfdcb10 WorkerThread "GC Thread#3"                     [id=9148, stack(0x000000e4e5900000,0x000000e4e5a00000) (1024K)]
  0x00000271ebfdceb0 WorkerThread "GC Thread#4"                     [id=12864, stack(0x000000e4e5a00000,0x000000e4e5b00000) (1024K)]
  0x00000271ebe5ed00 WorkerThread "GC Thread#5"                     [id=9664, stack(0x000000e4e5b00000,0x000000e4e5c00000) (1024K)]
  0x00000271eb9943d0 WorkerThread "GC Thread#6"                     [id=11892, stack(0x000000e4e5c00000,0x000000e4e5d00000) (1024K)]
  0x00000271eba0fa80 WorkerThread "GC Thread#7"                     [id=9056, stack(0x000000e4e5d00000,0x000000e4e5e00000) (1024K)]
  0x00000271c598e8f0 ConcurrentGCThread "G1 Main Marker"            [id=11268, stack(0x000000e4e4200000,0x000000e4e4300000) (1024K)]
  0x00000271c598f3f0 WorkerThread "G1 Conc#0"                       [id=11448, stack(0x000000e4e4300000,0x000000e4e4400000) (1024K)]
  0x00000271ed8255c0 WorkerThread "G1 Conc#1"                       [id=11656, stack(0x000000e4e6000000,0x000000e4e6100000) (1024K)]
  0x00000271e68ec0b0 ConcurrentGCThread "G1 Refine#0"               [id=5780, stack(0x000000e4e4400000,0x000000e4e4500000) (1024K)]
  0x00000271e68ec8d0 ConcurrentGCThread "G1 Service"                [id=10780, stack(0x000000e4e4500000,0x000000e4e4600000) (1024K)]
Total: 15

Threads with active compile tasks:
Total: 0

VM state: not at safepoint (normal execution)

VM Mutex/Monitor currently owned by a thread: None

Heap address: 0x0000000701400000, size: 4076 MB, Compressed Oops mode: Zero based, Oop shift amount: 3

CDS archive(s) mapped at: [0x0000027180000000-0x0000027180c90000-0x0000027180c90000), size 13172736, SharedBaseAddress: 0x0000027180000000, ArchiveRelocationMode: 1.
Compressed class space mapped at: 0x0000027181000000-0x00000271c1000000, reserved size: 1073741824
Narrow klass base: 0x0000027180000000, Narrow klass shift: 0, Narrow klass range: 0x100000000

GC Precious Log:
 CardTable entry size: 512
 Card Set container configuration: InlinePtr #cards 4 size 8 Array Of Cards #cards 16 size 48 Howl #buckets 8 coarsen threshold 3686 Howl Bitmap #cards 512 size 80 coarsen threshold 460 Card regions per heap region 1 cards per card region 4096
 CPUs: 8 total, 8 available
 Memory: 16296M
 Large Page Support: Disabled
 NUMA Support: Disabled
 Compressed Oops: Enabled (Zero based)
 Heap Region Size: 2M
 Heap Min Capacity: 8M
 Heap Initial Capacity: 256M
 Heap Max Capacity: 4076M
 Pre-touch: Disabled
 Parallel Workers: 8
 Concurrent Workers: 2
 Concurrent Refinement Workers: 8
 Periodic GC: Disabled

Heap:
 garbage-first heap   total 149504K, used 119539K [0x0000000701400000, 0x0000000800000000)
  region size 2048K, 32 young (65536K), 4 survivors (8192K)
 Metaspace       used 58883K, committed 59648K, reserved 1114112K
  class space    used 7223K, committed 7552K, reserved 1048576K

Heap Regions: E=young(eden), S=young(survivor), O=old, HS=humongous(starts), HC=humongous(continues), CS=collection set, F=free, TAMS=top-at-mark-start, PB=parsable bottom
|   0|0x0000000701400000, 0x0000000701600000, 0x0000000701600000|100%| O|  |TAMS 0x0000000701400000| PB 0x0000000701400000| Untracked 
|   1|0x0000000701600000, 0x0000000701800000, 0x0000000701800000|100%| O|  |TAMS 0x0000000701600000| PB 0x0000000701600000| Untracked 
|   2|0x0000000701800000, 0x0000000701a00000, 0x0000000701a00000|100%| O|  |TAMS 0x0000000701800000| PB 0x0000000701800000| Untracked 
|   3|0x0000000701a00000, 0x0000000701c00000, 0x0000000701c00000|100%| O|  |TAMS 0x0000000701a00000| PB 0x0000000701a00000| Untracked 
|   4|0x0000000701c00000, 0x0000000701e00000, 0x0000000701e00000|100%| O|  |TAMS 0x0000000701c00000| PB 0x0000000701c00000| Untracked 
|   5|0x0000000701e00000, 0x0000000702000000, 0x0000000702000000|100%| O|  |TAMS 0x0000000701e00000| PB 0x0000000701e00000| Untracked 
|   6|0x0000000702000000, 0x0000000702200000, 0x0000000702200000|100%| O|  |TAMS 0x0000000702000000| PB 0x0000000702000000| Untracked 
|   7|0x0000000702200000, 0x0000000702400000, 0x0000000702400000|100%| O|  |TAMS 0x0000000702200000| PB 0x0000000702200000| Untracked 
|   8|0x0000000702400000, 0x0000000702600000, 0x0000000702600000|100%| O|  |TAMS 0x0000000702400000| PB 0x0000000702400000| Untracked 
|   9|0x0000000702600000, 0x0000000702800000, 0x0000000702800000|100%| O|  |TAMS 0x0000000702600000| PB 0x0000000702600000| Untracked 
|  10|0x0000000702800000, 0x0000000702a00000, 0x0000000702a00000|100%| O|  |TAMS 0x0000000702800000| PB 0x0000000702800000| Untracked 
|  11|0x0000000702a00000, 0x0000000702c00000, 0x0000000702c00000|100%| O|  |TAMS 0x0000000702a00000| PB 0x0000000702a00000| Untracked 
|  12|0x0000000702c00000, 0x0000000702e00000, 0x0000000702e00000|100%| O|  |TAMS 0x0000000702c00000| PB 0x0000000702c00000| Untracked 
|  13|0x0000000702e00000, 0x0000000703000000, 0x0000000703000000|100%| O|  |TAMS 0x0000000702e00000| PB 0x0000000702e00000| Untracked 
|  14|0x0000000703000000, 0x0000000703200000, 0x0000000703200000|100%| O|  |TAMS 0x0000000703000000| PB 0x0000000703000000| Untracked 
|  15|0x0000000703200000, 0x0000000703400000, 0x0000000703400000|100%| O|  |TAMS 0x0000000703200000| PB 0x0000000703200000| Untracked 
|  16|0x0000000703400000, 0x0000000703400000, 0x0000000703600000|  0%| F|  |TAMS 0x0000000703400000| PB 0x0000000703400000| Untracked 
|  17|0x0000000703600000, 0x0000000703800000, 0x0000000703800000|100%| O|  |TAMS 0x0000000703600000| PB 0x0000000703600000| Untracked 
|  18|0x0000000703800000, 0x0000000703a00000, 0x0000000703a00000|100%| O|  |TAMS 0x0000000703800000| PB 0x0000000703800000| Untracked 
|  19|0x0000000703a00000, 0x0000000703c00000, 0x0000000703c00000|100%| O|  |TAMS 0x0000000703a00000| PB 0x0000000703a00000| Untracked 
|  20|0x0000000703c00000, 0x0000000703c00000, 0x0000000703e00000|  0%| F|  |TAMS 0x0000000703c00000| PB 0x0000000703c00000| Untracked 
|  21|0x0000000703e00000, 0x0000000704000000, 0x0000000704000000|100%| O|  |TAMS 0x0000000703e00000| PB 0x0000000703e00000| Untracked 
|  22|0x0000000704000000, 0x0000000704200000, 0x0000000704200000|100%| O|  |TAMS 0x0000000704000000| PB 0x0000000704000000| Untracked 
|  23|0x0000000704200000, 0x0000000704200000, 0x0000000704400000|  0%| F|  |TAMS 0x0000000704200000| PB 0x0000000704200000| Untracked 
|  24|0x0000000704400000, 0x0000000704600000, 0x0000000704600000|100%| O|  |TAMS 0x0000000704400000| PB 0x0000000704400000| Untracked 
|  25|0x0000000704600000, 0x0000000704800000, 0x0000000704800000|100%| O|  |TAMS 0x0000000704600000| PB 0x0000000704600000| Untracked 
|  26|0x0000000704800000, 0x0000000704a00000, 0x0000000704a00000|100%| O|  |TAMS 0x0000000704800000| PB 0x0000000704800000| Untracked 
|  27|0x0000000704a00000, 0x0000000704c00000, 0x0000000704c00000|100%| O|  |TAMS 0x0000000704a00000| PB 0x0000000704a00000| Untracked 
|  28|0x0000000704c00000, 0x0000000704e00000, 0x0000000704e00000|100%| O|  |TAMS 0x0000000704c00000| PB 0x0000000704c00000| Untracked 
|  29|0x0000000704e00000, 0x0000000705000000, 0x0000000705000000|100%| O|  |TAMS 0x0000000704e00000| PB 0x0000000704e00000| Untracked 
|  30|0x0000000705000000, 0x0000000705200000, 0x0000000705200000|100%| O|  |TAMS 0x0000000705000000| PB 0x0000000705000000| Untracked 
|  31|0x0000000705200000, 0x0000000705200000, 0x0000000705400000|  0%| F|  |TAMS 0x0000000705200000| PB 0x0000000705200000| Untracked 
|  32|0x0000000705400000, 0x0000000705452850, 0x0000000705600000| 16%| O|  |TAMS 0x0000000705400000| PB 0x0000000705400000| Untracked 
|  33|0x0000000705600000, 0x0000000705600000, 0x0000000705800000|  0%| F|  |TAMS 0x0000000705600000| PB 0x0000000705600000| Untracked 
|  34|0x0000000705800000, 0x0000000705800000, 0x0000000705a00000|  0%| F|  |TAMS 0x0000000705800000| PB 0x0000000705800000| Untracked 
|  35|0x0000000705a00000, 0x0000000705a00000, 0x0000000705c00000|  0%| F|  |TAMS 0x0000000705a00000| PB 0x0000000705a00000| Untracked 
|  36|0x0000000705c00000, 0x0000000705c00000, 0x0000000705e00000|  0%| F|  |TAMS 0x0000000705c00000| PB 0x0000000705c00000| Untracked 
|  37|0x0000000705e00000, 0x0000000705e00000, 0x0000000706000000|  0%| F|  |TAMS 0x0000000705e00000| PB 0x0000000705e00000| Untracked 
|  38|0x0000000706000000, 0x0000000706000000, 0x0000000706200000|  0%| F|  |TAMS 0x0000000706000000| PB 0x0000000706000000| Untracked 
|  39|0x0000000706200000, 0x0000000706200000, 0x0000000706400000|  0%| F|  |TAMS 0x0000000706200000| PB 0x0000000706200000| Untracked 
|  40|0x0000000706400000, 0x0000000706400000, 0x0000000706600000|  0%| F|  |TAMS 0x0000000706400000| PB 0x0000000706400000| Untracked 
|  41|0x0000000706600000, 0x000000070666a680, 0x0000000706800000| 20%| S|CS|TAMS 0x0000000706600000| PB 0x0000000706600000| Complete 
|  42|0x0000000706800000, 0x0000000706a00000, 0x0000000706a00000|100%| S|CS|TAMS 0x0000000706800000| PB 0x0000000706800000| Complete 
|  43|0x0000000706a00000, 0x0000000706c00000, 0x0000000706c00000|100%| S|CS|TAMS 0x0000000706a00000| PB 0x0000000706a00000| Complete 
|  44|0x0000000706c00000, 0x0000000706e00000, 0x0000000706e00000|100%| S|CS|TAMS 0x0000000706c00000| PB 0x0000000706c00000| Complete 
|  45|0x0000000706e00000, 0x0000000707000000, 0x0000000707000000|100%| E|  |TAMS 0x0000000706e00000| PB 0x0000000706e00000| Complete 
|  46|0x0000000707000000, 0x0000000707200000, 0x0000000707200000|100%| E|CS|TAMS 0x0000000707000000| PB 0x0000000707000000| Complete 
|  47|0x0000000707200000, 0x0000000707400000, 0x0000000707400000|100%| E|CS|TAMS 0x0000000707200000| PB 0x0000000707200000| Complete 
|  48|0x0000000707400000, 0x0000000707600000, 0x0000000707600000|100%| E|CS|TAMS 0x0000000707400000| PB 0x0000000707400000| Complete 
|  49|0x0000000707600000, 0x0000000707800000, 0x0000000707800000|100%| E|CS|TAMS 0x0000000707600000| PB 0x0000000707600000| Complete 
|  50|0x0000000707800000, 0x0000000707a00000, 0x0000000707a00000|100%| E|CS|TAMS 0x0000000707800000| PB 0x0000000707800000| Complete 
|  51|0x0000000707a00000, 0x0000000707c00000, 0x0000000707c00000|100%| E|CS|TAMS 0x0000000707a00000| PB 0x0000000707a00000| Complete 
|  52|0x0000000707c00000, 0x0000000707e00000, 0x0000000707e00000|100%| E|CS|TAMS 0x0000000707c00000| PB 0x0000000707c00000| Complete 
|  53|0x0000000707e00000, 0x0000000708000000, 0x0000000708000000|100%| E|CS|TAMS 0x0000000707e00000| PB 0x0000000707e00000| Complete 
|  54|0x0000000708000000, 0x0000000708200000, 0x0000000708200000|100%| E|CS|TAMS 0x0000000708000000| PB 0x0000000708000000| Complete 
|  55|0x0000000708200000, 0x0000000708400000, 0x0000000708400000|100%| E|CS|TAMS 0x0000000708200000| PB 0x0000000708200000| Complete 
|  56|0x0000000708400000, 0x0000000708600000, 0x0000000708600000|100%| E|CS|TAMS 0x0000000708400000| PB 0x0000000708400000| Complete 
|  57|0x0000000708600000, 0x0000000708800000, 0x0000000708800000|100%| E|CS|TAMS 0x0000000708600000| PB 0x0000000708600000| Complete 
|  58|0x0000000708800000, 0x0000000708a00000, 0x0000000708a00000|100%| E|CS|TAMS 0x0000000708800000| PB 0x0000000708800000| Complete 
|  59|0x0000000708a00000, 0x0000000708c00000, 0x0000000708c00000|100%| E|CS|TAMS 0x0000000708a00000| PB 0x0000000708a00000| Complete 
|  60|0x0000000708c00000, 0x0000000708e00000, 0x0000000708e00000|100%| E|CS|TAMS 0x0000000708c00000| PB 0x0000000708c00000| Complete 
|  61|0x0000000708e00000, 0x0000000709000000, 0x0000000709000000|100%| E|CS|TAMS 0x0000000708e00000| PB 0x0000000708e00000| Complete 
|  62|0x0000000709000000, 0x0000000709200000, 0x0000000709200000|100%| E|CS|TAMS 0x0000000709000000| PB 0x0000000709000000| Complete 
|  63|0x0000000709200000, 0x0000000709400000, 0x0000000709400000|100%| E|CS|TAMS 0x0000000709200000| PB 0x0000000709200000| Complete 
|  64|0x0000000709400000, 0x0000000709600000, 0x0000000709600000|100%| E|CS|TAMS 0x0000000709400000| PB 0x0000000709400000| Complete 
|  65|0x0000000709600000, 0x0000000709800000, 0x0000000709800000|100%| E|CS|TAMS 0x0000000709600000| PB 0x0000000709600000| Complete 
|  66|0x0000000709800000, 0x0000000709a00000, 0x0000000709a00000|100%| E|CS|TAMS 0x0000000709800000| PB 0x0000000709800000| Complete 
|  67|0x0000000709a00000, 0x0000000709c00000, 0x0000000709c00000|100%| E|CS|TAMS 0x0000000709a00000| PB 0x0000000709a00000| Complete 
|  68|0x0000000709c00000, 0x0000000709e00000, 0x0000000709e00000|100%| E|CS|TAMS 0x0000000709c00000| PB 0x0000000709c00000| Complete 
|  69|0x0000000709e00000, 0x000000070a000000, 0x000000070a000000|100%| E|CS|TAMS 0x0000000709e00000| PB 0x0000000709e00000| Complete 
|  70|0x000000070a000000, 0x000000070a200000, 0x000000070a200000|100%| E|CS|TAMS 0x000000070a000000| PB 0x000000070a000000| Complete 
|  71|0x000000070a200000, 0x000000070a400000, 0x000000070a400000|100%| E|CS|TAMS 0x000000070a200000| PB 0x000000070a200000| Complete 
| 127|0x0000000711200000, 0x0000000711400000, 0x0000000711400000|100%| E|CS|TAMS 0x0000000711200000| PB 0x0000000711200000| Complete 

Card table byte_map: [0x00000271df7c0000,0x00000271dffc0000] _byte_map_base: 0x00000271dbfb6000

Marking Bits: (CMBitMap*) 0x00000271c597d3e0
 Bits: [0x00000271dffc0000, 0x00000271e3f70000)

Polling page: 0x00000271c59c0000

Metaspace:

Usage:
  Non-class:     50.45 MB used.
      Class:      7.05 MB used.
       Both:     57.50 MB used.

Virtual space:
  Non-class space:       64.00 MB reserved,      50.88 MB ( 79%) committed,  1 nodes.
      Class space:        1.00 GB reserved,       7.38 MB ( <1%) committed,  1 nodes.
             Both:        1.06 GB reserved,      58.25 MB (  5%) committed. 

Chunk freelists:
   Non-Class:  12.36 MB
       Class:  8.53 MB
        Both:  20.89 MB

MaxMetaspaceSize: unlimited
CompressedClassSpaceSize: 1.00 GB
Initial GC threshold: 21.00 MB
Current GC threshold: 79.00 MB
CDS: on
 - commit_granule_bytes: 65536.
 - commit_granule_words: 8192.
 - virtual_space_node_default_size: 8388608.
 - enlarge_chunks_in_place: 1.
 - use_allocation_guard: 0.


Internal statistics:

num_allocs_failed_limit: 6.
num_arena_births: 1092.
num_arena_deaths: 0.
num_vsnodes_births: 2.
num_vsnodes_deaths: 0.
num_space_committed: 932.
num_space_uncommitted: 0.
num_chunks_returned_to_freelist: 6.
num_chunks_taken_from_freelist: 3092.
num_chunk_merges: 6.
num_chunk_splits: 2158.
num_chunks_enlarged: 1667.
num_inconsistent_stats: 0.

CodeHeap 'non-profiled nmethods': size=120000Kb used=7497Kb max_used=7497Kb free=112502Kb
 bounds [0x00000271d7020000, 0x00000271d7780000, 0x00000271de550000]
CodeHeap 'profiled nmethods': size=120000Kb used=16825Kb max_used=16825Kb free=103174Kb
 bounds [0x00000271cf550000, 0x00000271d05c0000, 0x00000271d6a80000]
CodeHeap 'non-nmethods': size=5760Kb used=1662Kb max_used=1738Kb free=4097Kb
 bounds [0x00000271d6a80000, 0x00000271d6cf0000, 0x00000271d7020000]
 total_blobs=8298 nmethods=7647 adapters=555
 compilation: enabled
              stopped_count=0, restarted_count=0
 full_count=0

Compilation events (20 events):
Event: 391.459 Thread 0x00000271e6a772e0 8491       3       ch.qos.logback.classic.Level::toLevel (8 bytes)
Event: 391.459 Thread 0x00000271e6a772e0 nmethod 8491 0x00000271d05baa90 code [0x00000271d05bac40, 0x00000271d05bad70]
Event: 391.459 Thread 0x00000271e6a772e0 8492       3       java.util.concurrent.ConcurrentLinkedQueue::spliterator (9 bytes)
Event: 391.460 Thread 0x00000271e6a772e0 nmethod 8492 0x00000271d05bae10 code [0x00000271d05bafc0, 0x00000271d05bb250]
Event: 391.460 Thread 0x00000271e6a772e0 8493       3       java.util.concurrent.ConcurrentLinkedQueue$CLQSpliterator::<init> (10 bytes)
Event: 391.460 Thread 0x00000271e6a772e0 nmethod 8493 0x00000271d05bb390 code [0x00000271d05bb540, 0x00000271d05bb710]
Event: 391.460 Thread 0x00000271e6a772e0 8494       3       com.netflix.discovery.shared.Applications$$Lambda/0x0000027181705d10::<init> (10 bytes)
Event: 391.460 Thread 0x00000271e6a772e0 nmethod 8494 0x00000271d05bb810 code [0x00000271d05bb9c0, 0x00000271d05bbb80]
Event: 405.486 Thread 0x00000271e6a772e0 8495   !   3       java.util.concurrent.locks.AbstractQueuedSynchronizer$ConditionObject::newConditionNode (78 bytes)
Event: 405.487 Thread 0x00000271e6a772e0 nmethod 8495 0x00000271d05bbc10 code [0x00000271d05bbe80, 0x00000271d05bc6a0]
Event: 405.488 Thread 0x00000271e6a772e0 8496   !   3       java.util.concurrent.locks.AbstractQueuedSynchronizer::tryInitializeHead (66 bytes)
Event: 405.489 Thread 0x00000271e6a772e0 nmethod 8496 0x00000271d05bc990 code [0x00000271d05bcb80, 0x00000271d05bd158]
Event: 406.305 Thread 0x00000271e6a772e0 8497       3       org.springframework.cloud.sleuth.autoconfig.zipkin2.ZipkinAutoConfiguration$TraceMetricsMicrometerConfiguration$NoReporterMetricsBeanConfiguration$LazyMicrometerReporterMetrics::updateQueuedBytes (11 bytes)
Event: 406.306 Thread 0x00000271e6a772e0 nmethod 8497 0x00000271d05bd310 code [0x00000271d05bd520, 0x00000271d05bdd00]
Event: 406.307 Thread 0x00000271e6a772e0 8498       3       zipkin2.reporter.metrics.micrometer.MicrometerReporterMetrics::updateQueuedBytes (9 bytes)
Event: 406.307 Thread 0x00000271e6a772e0 nmethod 8498 0x00000271d05bdf10 code [0x00000271d05be0a0, 0x00000271d05be1d8]
Event: 406.429 Thread 0x00000271e6a772e0 8499       3       com.fasterxml.jackson.databind.DatabindContext::<init> (5 bytes)
Event: 406.429 Thread 0x00000271e6a772e0 nmethod 8499 0x00000271d05be290 code [0x00000271d05be440, 0x00000271d05be5a8]
Event: 406.430 Thread 0x00000271e6a772e0 8500       1       java.net.URI::getPort (5 bytes)
Event: 406.430 Thread 0x00000271e6a772e0 nmethod 8500 0x00000271d7772390 code [0x00000271d7772520, 0x00000271d77725e8]

GC Heap History (20 events):
Event: 9.356 GC heap before
{Heap before GC invocations=13 (full 0):
 garbage-first heap   total 90112K, used 71289K [0x0000000701400000, 0x0000000800000000)
  region size 2048K, 26 young (53248K), 3 survivors (6144K)
 Metaspace       used 40893K, committed 41408K, reserved 1114112K
  class space    used 4904K, committed 5120K, reserved 1048576K
}
Event: 9.372 GC heap after
{Heap after GC invocations=14 (full 0):
 garbage-first heap   total 90112K, used 26213K [0x0000000701400000, 0x0000000800000000)
  region size 2048K, 2 young (4096K), 2 survivors (4096K)
 Metaspace       used 40893K, committed 41408K, reserved 1114112K
  class space    used 4904K, committed 5120K, reserved 1048576K
}
Event: 11.239 GC heap before
{Heap before GC invocations=14 (full 0):
 garbage-first heap   total 90112K, used 75365K [0x0000000701400000, 0x0000000800000000)
  region size 2048K, 26 young (53248K), 2 survivors (4096K)
 Metaspace       used 42681K, committed 43200K, reserved 1114112K
  class space    used 5112K, committed 5376K, reserved 1048576K
}
Event: 11.244 GC heap after
{Heap after GC invocations=15 (full 0):
 garbage-first heap   total 90112K, used 28228K [0x0000000701400000, 0x0000000800000000)
  region size 2048K, 3 young (6144K), 3 survivors (6144K)
 Metaspace       used 42681K, committed 43200K, reserved 1114112K
  class space    used 5112K, committed 5376K, reserved 1048576K
}
Event: 11.891 GC heap before
{Heap before GC invocations=15 (full 0):
 garbage-first heap   total 90112K, used 75332K [0x0000000701400000, 0x0000000800000000)
  region size 2048K, 26 young (53248K), 3 survivors (6144K)
 Metaspace       used 44847K, committed 45440K, reserved 1114112K
  class space    used 5497K, committed 5760K, reserved 1048576K
}
Event: 11.898 GC heap after
{Heap after GC invocations=16 (full 0):
 garbage-first heap   total 90112K, used 29918K [0x0000000701400000, 0x0000000800000000)
  region size 2048K, 3 young (6144K), 3 survivors (6144K)
 Metaspace       used 44847K, committed 45440K, reserved 1114112K
  class space    used 5497K, committed 5760K, reserved 1048576K
}
Event: 12.485 GC heap before
{Heap before GC invocations=16 (full 0):
 garbage-first heap   total 90112K, used 77022K [0x0000000701400000, 0x0000000800000000)
  region size 2048K, 26 young (53248K), 3 survivors (6144K)
 Metaspace       used 47177K, committed 47680K, reserved 1114112K
  class space    used 5780K, committed 6016K, reserved 1048576K
}
Event: 12.492 GC heap after
{Heap after GC invocations=17 (full 0):
 garbage-first heap   total 108544K, used 32006K [0x0000000701400000, 0x0000000800000000)
  region size 2048K, 3 young (6144K), 3 survivors (6144K)
 Metaspace       used 47177K, committed 47680K, reserved 1114112K
  class space    used 5780K, committed 6016K, reserved 1048576K
}
Event: 12.851 GC heap before
{Heap before GC invocations=17 (full 0):
 garbage-first heap   total 108544K, used 87302K [0x0000000701400000, 0x0000000800000000)
  region size 2048K, 31 young (63488K), 3 survivors (6144K)
 Metaspace       used 47648K, committed 48256K, reserved 1114112K
  class space    used 5812K, committed 6080K, reserved 1048576K
}
Event: 12.864 GC heap after
{Heap after GC invocations=18 (full 0):
 garbage-first heap   total 108544K, used 44814K [0x0000000701400000, 0x0000000800000000)
  region size 2048K, 4 young (8192K), 4 survivors (8192K)
 Metaspace       used 47648K, committed 48256K, reserved 1114112K
  class space    used 5812K, committed 6080K, reserved 1048576K
}
Event: 13.061 GC heap before
{Heap before GC invocations=18 (full 0):
 garbage-first heap   total 108544K, used 87822K [0x0000000701400000, 0x0000000800000000)
  region size 2048K, 26 young (53248K), 4 survivors (8192K)
 Metaspace       used 47775K, committed 48384K, reserved 1114112K
  class space    used 5816K, committed 6080K, reserved 1048576K
}
Event: 13.071 GC heap after
{Heap after GC invocations=19 (full 0):
 garbage-first heap   total 108544K, used 53770K [0x0000000701400000, 0x0000000800000000)
  region size 2048K, 4 young (8192K), 4 survivors (8192K)
 Metaspace       used 47775K, committed 48384K, reserved 1114112K
  class space    used 5816K, committed 6080K, reserved 1048576K
}
Event: 13.250 GC heap before
{Heap before GC invocations=19 (full 0):
 garbage-first heap   total 108544K, used 88586K [0x0000000701400000, 0x0000000800000000)
  region size 2048K, 22 young (45056K), 4 survivors (8192K)
 Metaspace       used 47849K, committed 48384K, reserved 1114112K
  class space    used 5821K, committed 6080K, reserved 1048576K
}
Event: 13.262 GC heap after
{Heap after GC invocations=20 (full 0):
 garbage-first heap   total 108544K, used 62939K [0x0000000701400000, 0x0000000800000000)
  region size 2048K, 3 young (6144K), 3 survivors (6144K)
 Metaspace       used 47849K, committed 48384K, reserved 1114112K
  class space    used 5821K, committed 6080K, reserved 1048576K
}
Event: 13.359 GC heap before
{Heap before GC invocations=20 (full 0):
 garbage-first heap   total 108544K, used 89563K [0x0000000701400000, 0x0000000800000000)
  region size 2048K, 17 young (34816K), 3 survivors (6144K)
 Metaspace       used 47860K, committed 48384K, reserved 1114112K
  class space    used 5821K, committed 6080K, reserved 1048576K
}
Event: 13.369 GC heap after
{Heap after GC invocations=21 (full 0):
 garbage-first heap   total 149504K, used 71340K [0x0000000701400000, 0x0000000800000000)
  region size 2048K, 3 young (6144K), 3 survivors (6144K)
 Metaspace       used 47860K, committed 48384K, reserved 1114112K
  class space    used 5821K, committed 6080K, reserved 1048576K
}
Event: 15.164 GC heap before
{Heap before GC invocations=22 (full 0):
 garbage-first heap   total 149504K, used 110252K [0x0000000701400000, 0x0000000800000000)
  region size 2048K, 27 young (55296K), 3 survivors (6144K)
 Metaspace       used 49229K, committed 49856K, reserved 1114112K
  class space    used 6016K, committed 6336K, reserved 1048576K
}
Event: 15.171 GC heap after
{Heap after GC invocations=23 (full 0):
 garbage-first heap   total 149504K, used 66879K [0x0000000701400000, 0x0000000800000000)
  region size 2048K, 2 young (4096K), 2 survivors (4096K)
 Metaspace       used 49229K, committed 49856K, reserved 1114112K
  class space    used 6016K, committed 6336K, reserved 1048576K
}
Event: 16.044 GC heap before
{Heap before GC invocations=23 (full 0):
 garbage-first heap   total 149504K, used 120127K [0x0000000701400000, 0x0000000800000000)
  region size 2048K, 28 young (57344K), 2 survivors (4096K)
 Metaspace       used 53221K, committed 53824K, reserved 1114112K
  class space    used 6499K, committed 6784K, reserved 1048576K
}
Event: 16.051 GC heap after
{Heap after GC invocations=24 (full 0):
 garbage-first heap   total 149504K, used 64243K [0x0000000701400000, 0x0000000800000000)
  region size 2048K, 4 young (8192K), 4 survivors (8192K)
 Metaspace       used 53221K, committed 53824K, reserved 1114112K
  class space    used 6499K, committed 6784K, reserved 1048576K
}

Dll operation events (13 events):
Event: 0.006 Loaded shared library C:\E\TOOLS\JAVA_21\INSATALLATION\Java\jdk-21\bin\java.dll
Event: 0.032 Loaded shared library C:\E\TOOLS\JAVA_21\INSATALLATION\Java\jdk-21\bin\jsvml.dll
Event: 0.213 Loaded shared library C:\E\TOOLS\JAVA_21\INSATALLATION\Java\jdk-21\bin\zip.dll
Event: 0.216 Loaded shared library C:\E\TOOLS\JAVA_21\INSATALLATION\Java\jdk-21\bin\instrument.dll
Event: 0.220 Loaded shared library C:\E\TOOLS\JAVA_21\INSATALLATION\Java\jdk-21\bin\net.dll
Event: 0.221 Loaded shared library C:\E\TOOLS\JAVA_21\INSATALLATION\Java\jdk-21\bin\nio.dll
Event: 0.224 Loaded shared library C:\E\TOOLS\JAVA_21\INSATALLATION\Java\jdk-21\bin\zip.dll
Event: 0.394 Loaded shared library C:\E\TOOLS\JAVA_21\INSATALLATION\Java\jdk-21\bin\jimage.dll
Event: 0.444 Loaded shared library C:\E\TOOLS\JAVA_21\INSATALLATION\Java\jdk-21\bin\verify.dll
Event: 2.423 Loaded shared library C:\E\TOOLS\JAVA_21\INSATALLATION\Java\jdk-21\bin\management.dll
Event: 2.425 Loaded shared library C:\E\TOOLS\JAVA_21\INSATALLATION\Java\jdk-21\bin\management_ext.dll
Event: 4.449 Loaded shared library C:\E\TOOLS\JAVA_21\INSATALLATION\Java\jdk-21\bin\extnet.dll
Event: 8.066 Loaded shared library C:\E\TOOLS\JAVA_21\INSATALLATION\Java\jdk-21\bin\sunmscapi.dll

Deoptimization events (20 events):
Event: 240.227 Thread 0x00000271f163eec0 DEOPT PACKING pc=0x00000271d0411f1c sp=0x000000e4e6cfd1d0
Event: 240.227 Thread 0x00000271f163eec0 DEOPT UNPACKING pc=0x00000271d6ad4e42 sp=0x000000e4e6cfc6c0 mode 1
Event: 330.549 Thread 0x00000271f1745320 DEOPT PACKING pc=0x00000271d0480dec sp=0x000000e4e3dff1e0
Event: 330.549 Thread 0x00000271f1745320 DEOPT UNPACKING pc=0x00000271d6ad4e42 sp=0x000000e4e3dfe718 mode 1
Event: 330.549 Thread 0x00000271f1745320 DEOPT PACKING pc=0x00000271d051ca04 sp=0x000000e4e3dff3f0
Event: 330.549 Thread 0x00000271f1745320 DEOPT UNPACKING pc=0x00000271d6ad4e42 sp=0x000000e4e3dfe8b0 mode 1
Event: 360.062 Thread 0x00000271f163cdf0 DEOPT PACKING pc=0x00000271d0424cd4 sp=0x000000e4e6ffcf90
Event: 360.062 Thread 0x00000271f163cdf0 DEOPT UNPACKING pc=0x00000271d6ad4e42 sp=0x000000e4e6ffc440 mode 1
Event: 360.062 Thread 0x00000271f163cdf0 DEOPT PACKING pc=0x00000271cfac8a84 sp=0x000000e4e6ffcff0
Event: 360.062 Thread 0x00000271f163cdf0 DEOPT UNPACKING pc=0x00000271d6ad4e42 sp=0x000000e4e6ffc490 mode 1
Event: 360.062 Thread 0x00000271f163cdf0 DEOPT PACKING pc=0x00000271d02741ac sp=0x000000e4e6ffd050
Event: 360.062 Thread 0x00000271f163cdf0 DEOPT UNPACKING pc=0x00000271d6ad4e42 sp=0x000000e4e6ffc568 mode 1
Event: 360.062 Thread 0x00000271f163cdf0 DEOPT PACKING pc=0x00000271d0411f1c sp=0x000000e4e6ffd200
Event: 360.062 Thread 0x00000271f163cdf0 DEOPT UNPACKING pc=0x00000271d6ad4e42 sp=0x000000e4e6ffc6f0 mode 1
Event: 407.712 Thread 0x00000271f163f550 DEOPT PACKING pc=0x00000271d0424cd4 sp=0x000000e4e6efd220
Event: 407.712 Thread 0x00000271f163f550 DEOPT UNPACKING pc=0x00000271d6ad4e42 sp=0x000000e4e6efc6c8 mode 0
Event: 407.731 Thread 0x00000271e6da6120 Uncommon trap: trap_request=0xffffff45 fr.pc=0x00000271d773856c relative=0x0000000000000b6c
Event: 407.731 Thread 0x00000271e6da6120 Uncommon trap: reason=unstable_if action=reinterpret pc=0x00000271d773856c method=sun.instrument.InstrumentationImpl.transform(Ljava/lang/Module;Ljava/lang/ClassLoader;Ljava/lang/String;Ljava/lang/Class;Ljava/security/ProtectionDomain;[BZ)[B @ 24 c2
Event: 407.731 Thread 0x00000271e6da6120 DEOPT PACKING pc=0x00000271d773856c sp=0x000000e4e51fe430
Event: 407.731 Thread 0x00000271e6da6120 DEOPT UNPACKING pc=0x00000271d6ad46a2 sp=0x000000e4e51fe508 mode 2

Classes loaded (20 events):
Event: 30.770 Loading class sun/net/www/protocol/http/HttpURLConnection$10
Event: 30.770 Loading class sun/net/www/protocol/http/HttpURLConnection$10 done
Event: 62.872 Loading class sun/nio/cs/ISO_8859_1$Encoder
Event: 62.872 Loading class sun/nio/cs/ISO_8859_1$Encoder done
Event: 62.872 Loading class sun/nio/cs/Surrogate$Parser
Event: 62.873 Loading class sun/nio/cs/Surrogate$Parser done
Event: 62.873 Loading class sun/nio/cs/Surrogate
Event: 62.873 Loading class sun/nio/cs/Surrogate done
Event: 62.877 Loading class java/net/URLEncoder
Event: 62.877 Loading class java/net/URLEncoder done
Event: 62.877 Loading class java/io/CharArrayWriter
Event: 62.877 Loading class java/io/CharArrayWriter done
Event: 65.624 Loading class java/util/concurrent/ConcurrentSkipListMap$SubMap
Event: 65.625 Loading class java/util/concurrent/ConcurrentSkipListMap$SubMap done
Event: 65.625 Loading class java/util/concurrent/ConcurrentSkipListMap$Values
Event: 65.625 Loading class java/util/concurrent/ConcurrentSkipListMap$Values done
Event: 65.625 Loading class java/util/concurrent/ConcurrentSkipListMap$SubMap$SubMapValueIterator
Event: 65.625 Loading class java/util/concurrent/ConcurrentSkipListMap$SubMap$SubMapIter
Event: 65.625 Loading class java/util/concurrent/ConcurrentSkipListMap$SubMap$SubMapIter done
Event: 65.625 Loading class java/util/concurrent/ConcurrentSkipListMap$SubMap$SubMapValueIterator done

Classes unloaded (0 events):
No events

Classes redefined (1 events):
Event: 407.744 Thread 0x00000271e6a43520 redefined class name=com.chj.gr.controller.Ms3CallPublicController, count=1

Internal exceptions (20 events):
Event: 15.697 Thread 0x00000271c56d7fe0 Implicit null exception at 0x00000271d727fd18 to 0x00000271d7280780
Event: 15.943 Thread 0x00000271c56d7fe0 Exception <a 'sun/nio/fs/WindowsException'{0x0000000707831c10}> (0x0000000707831c10) 
thrown [s\open\src\hotspot\share\prims\jni.cpp, line 520]
Event: 16.288 Thread 0x00000271c56d7fe0 Exception <a 'java/lang/NoSuchMethodError'{0x000000070978dd38}: 'long java.lang.invoke.DirectMethodHandle$Holder.invokeStatic(java.lang.Object, java.lang.Object, int)'> (0x000000070978dd38) 
thrown [s\open\src\hotspot\share\interpreter\linkResolver.cpp, line 773]
Event: 16.289 Thread 0x00000271c56d7fe0 Exception <a 'java/lang/NoSuchMethodError'{0x0000000709799168}: 'java.lang.Object java.lang.invoke.DelegatingMethodHandle$Holder.reinvoke_L(java.lang.Object, int, int, long, java.lang.Object, long, long, long)'> (0x0000000709799168) 
thrown [s\open\src\hotspot\share\interpreter\linkResolver.cpp, line 773]
Event: 16.292 Thread 0x00000271c56d7fe0 Exception <a 'java/lang/NoSuchMethodError'{0x00000007097bce10}: 'java.lang.Object java.lang.invoke.DelegatingMethodHandle$Holder.reinvoke_L(java.lang.Object, java.lang.Object, java.lang.Object, java.lang.Object, java.lang.Object, java.lang.Object, java.lang.Object, java.lang.Object, java.lang.Object, java.lang.Object, java.lang.Object, java.lang.Object, java.lang.Object, java.lang.Object, int, java.lang.Object, java.lang.Object, java.lang.Object, java.lang.Object, java.lang.Object, java.lang.Object, java.l
Event: 16.296 Thread 0x00000271c56d7fe0 Exception <a 'java/lang/NoSuchMethodError'{0x0000000709412760}: 'java.lang.Object java.lang.invoke.DirectMethodHandle$Holder.invokeStatic(java.lang.Object, java.lang.Object, java.lang.Object, java.lang.Object, java.lang.Object, java.lang.Object, java.lang.Object, java.lang.Object, java.lang.Object, java.lang.Object, java.lang.Object, java.lang.Object, java.lang.Object)'> (0x0000000709412760) 
thrown [s\open\src\hotspot\share\interpreter\linkResolver.cpp, line 773]
Event: 16.298 Thread 0x00000271c56d7fe0 Exception <a 'java/lang/NoSuchMethodError'{0x0000000709435200}: 'java.lang.Object java.lang.invoke.DirectMethodHandle$Holder.invokeStatic(java.lang.Object, java.lang.Object, java.lang.Object, java.lang.Object, java.lang.Object, java.lang.Object, java.lang.Object, java.lang.Object, java.lang.Object, java.lang.Object, java.lang.Object, java.lang.Object, java.lang.Object, java.lang.Object)'> (0x0000000709435200) 
thrown [s\open\src\hotspot\share\interpreter\linkResolver.cpp, line 773]
Event: 16.299 Thread 0x00000271c56d7fe0 Exception <a 'java/lang/NoSuchMethodError'{0x000000070944b400}: 'java.lang.Object java.lang.invoke.DelegatingMethodHandle$Holder.reinvoke_L(java.lang.Object, java.lang.Object, java.lang.Object, java.lang.Object, java.lang.Object, java.lang.Object, java.lang.Object, java.lang.Object, java.lang.Object, java.lang.Object, java.lang.Object, java.lang.Object, java.lang.Object, java.lang.Object, java.lang.Object, java.lang.Object, java.lang.Object, java.lang.Object, java.lang.Object, java.lang.Object, java.lang.O
Event: 16.413 Thread 0x00000271f163c0d0 Exception <a 'java/lang/NoSuchMethodError'{0x0000000708c43970}: 'long java.lang.invoke.DelegatingMethodHandle$Holder.reinvoke_L(java.lang.Object, java.lang.Object)'> (0x0000000708c43970) 
thrown [s\open\src\hotspot\share\interpreter\linkResolver.cpp, line 773]
Event: 17.569 Thread 0x00000271c56d7fe0 Implicit null exception at 0x00000271d7171e47 to 0x00000271d71734dc
Event: 30.367 Thread 0x00000271f1638c50 Implicit null exception at 0x00000271d768a863 to 0x00000271d768a9dc
Event: 30.367 Thread 0x00000271f1638c50 Exception <a 'java/lang/NoSuchMethodError'{0x000000070859e618}: 'int java.lang.invoke.DelegatingMethodHandle$Holder.reinvoke_L(java.lang.Object, java.lang.Object, long)'> (0x000000070859e618) 
thrown [s\open\src\hotspot\share\interpreter\linkResolver.cpp, line 773]
Event: 30.429 Thread 0x00000271f1638c50 Exception <a 'java/lang/NoSuchMethodError'{0x0000000708174918}: 'void java.lang.invoke.DirectMethodHandle$Holder.invokeSpecial(java.lang.Object, java.lang.Object, java.lang.Object, java.lang.Object, java.lang.Object, java.lang.Object, java.lang.Object)'> (0x0000000708174918) 
thrown [s\open\src\hotspot\share\interpreter\linkResolver.cpp, line 773]
Event: 30.614 Thread 0x00000271f1638c50 Exception <a 'java/lang/NoSuchMethodError'{0x0000000707626c40}: 'java.lang.Object java.lang.invoke.DirectMethodHandle$Holder.invokeInterface(java.lang.Object, java.lang.Object, java.lang.Object, int)'> (0x0000000707626c40) 
thrown [s\open\src\hotspot\share\interpreter\linkResolver.cpp, line 773]
Event: 30.615 Thread 0x00000271f1638c50 Exception <a 'java/lang/NoSuchMethodError'{0x000000070762b000}: 'java.lang.Object java.lang.invoke.DirectMethodHandle$Holder.invokeSpecial(java.lang.Object, java.lang.Object, java.lang.Object, java.lang.Object, int)'> (0x000000070762b000) 
thrown [s\open\src\hotspot\share\interpreter\linkResolver.cpp, line 773]
Event: 30.768 Thread 0x00000271f1638c50 Exception <a 'java/lang/NoSuchMethodError'{0x000000070773d9a8}: 'int java.lang.invoke.DelegatingMethodHandle$Holder.reinvoke_L(java.lang.Object)'> (0x000000070773d9a8) 
thrown [s\open\src\hotspot\share\interpreter\linkResolver.cpp, line 773]
Event: 30.823 Thread 0x00000271f1638c50 Exception <a 'java/lang/NoSuchMethodError'{0x000000070759d878}: 'void java.lang.invoke.DirectMethodHandle$Holder.invokeSpecial(java.lang.Object, java.lang.Object, java.lang.Object, java.lang.Object, java.lang.Object, java.lang.Object, java.lang.Object, java.lang.Object)'> (0x000000070759d878) 
thrown [s\open\src\hotspot\share\interpreter\linkResolver.cpp, line 773]
Event: 30.824 Thread 0x00000271f1638c50 Exception <a 'java/lang/NoSuchMethodError'{0x00000007075a6838}: 'java.lang.Object java.lang.invoke.DirectMethodHandle$Holder.newInvokeSpecial(java.lang.Object, java.lang.Object, java.lang.Object, java.lang.Object, java.lang.Object, java.lang.Object, java.lang.Object)'> (0x00000007075a6838) 
thrown [s\open\src\hotspot\share\interpreter\linkResolver.cpp, line 773]
Event: 62.871 Thread 0x00000271f163e830 Exception <a 'java/lang/NoSuchMethodError'{0x00000007073b61d8}: 'int java.lang.invoke.DirectMethodHandle$Holder.invokeVirtual(java.lang.Object, java.lang.Object, java.lang.Object, java.lang.Object, java.lang.Object)'> (0x00000007073b61d8) 
thrown [s\open\src\hotspot\share\interpreter\linkResolver.cpp, line 773]
Event: 62.872 Thread 0x00000271f163e830 Exception <a 'java/lang/NoSuchMethodError'{0x00000007073bd960}: 'int java.lang.invoke.DelegatingMethodHandle$Holder.reinvoke_L(java.lang.Object, java.lang.Object, java.lang.Object, java.lang.Object, java.lang.Object)'> (0x00000007073bd960) 
thrown [s\open\src\hotspot\share\interpreter\linkResolver.cpp, line 773]

ZGC Phase Switch (0 events):
No events

VM Operations (20 events):
Event: 392.403 Executing VM operation: Cleanup
Event: 392.403 Executing VM operation: Cleanup done
Event: 407.409 Executing VM operation: Cleanup
Event: 407.409 Executing VM operation: Cleanup done
Event: 407.712 Executing VM operation: ChangeSingleStep
Event: 407.712 Executing VM operation: ChangeSingleStep done
Event: 407.712 Executing VM operation: ChangeSingleStep
Event: 407.712 Executing VM operation: ChangeSingleStep done
Event: 407.732 Executing VM operation: RedefineClasses
Event: 407.766 Executing VM operation: RedefineClasses done
Event: 407.779 Executing VM operation: ChangeBreakpoints
Event: 407.782 Executing VM operation: ChangeBreakpoints done
Event: 407.782 Executing VM operation: ChangeBreakpoints
Event: 407.785 Executing VM operation: ChangeBreakpoints done
Event: 407.799 Executing VM operation: ChangeBreakpoints
Event: 407.802 Executing VM operation: ChangeBreakpoints done
Event: 407.802 Executing VM operation: ChangeBreakpoints
Event: 407.805 Executing VM operation: ChangeBreakpoints done
Event: 407.807 Executing VM operation: ChangeSingleStep
Event: 407.808 Executing VM operation: ChangeSingleStep done

Events (20 events):
Event: 41.318 Thread 0x00000271e6a678f0 Thread added: 0x00000271e6a678f0
Event: 46.320 Thread 0x00000271f17459b0 Thread added: 0x00000271f17459b0
Event: 62.881 Thread 0x00000271f0652990 Thread added: 0x00000271f0652990
Event: 62.887 Thread 0x00000271f0655940 Thread added: 0x00000271f0655940
Event: 65.625 Thread 0x00000271f0652990 Thread exited: 0x00000271f0652990
Event: 65.625 Thread 0x00000271f0655940 Thread exited: 0x00000271f0655940
Event: 74.939 Thread 0x00000271ed24b0b0 Thread exited: 0x00000271ed24b0b0
Event: 150.549 Thread 0x00000271ed24ebc0 Thread exited: 0x00000271ed24ebc0
Event: 169.975 Thread 0x00000271f1745320 Thread added: 0x00000271f1745320
Event: 169.993 Thread 0x00000271f17473f0 Thread added: 0x00000271f17473f0
Event: 184.995 Thread 0x00000271f17473f0 Thread exited: 0x00000271f17473f0
Event: 218.073 Thread 0x00000271f1747a80 Thread added: 0x00000271f1747a80
Event: 228.076 Thread 0x00000271f1747a80 Thread exited: 0x00000271f1747a80
Event: 241.117 Thread 0x00000271f1747a80 Thread added: 0x00000271f1747a80
Event: 251.120 Thread 0x00000271f1747a80 Thread exited: 0x00000271f1747a80
Event: 315.893 Thread 0x00000271f1746040 Thread added: 0x00000271f1746040
Event: 330.549 Thread 0x00000271f1745320 Thread exited: 0x00000271f1745320
Event: 359.948 Thread 0x00000271f1746d60 Thread added: 0x00000271f1746d60
Event: 360.061 Thread 0x00000271f1747a80 Thread added: 0x00000271f1747a80
Event: 375.065 Thread 0x00000271f1747a80 Thread exited: 0x00000271f1747a80


Dynamic libraries:
0x00007ff74e840000 - 0x00007ff74e850000 	C:\E\TOOLS\JAVA_21\INSATALLATION\Java\jdk-21\bin\javaw.exe
0x00007ffe91d60000 - 0x00007ffe91f4e000 	C:\Windows\SYSTEM32\ntdll.dll
0x00007ffe8f940000 - 0x00007ffe8f9f3000 	C:\Windows\System32\KERNEL32.DLL
0x00007ffe8e020000 - 0x00007ffe8e2be000 	C:\Windows\System32\KERNELBASE.dll
0x00007ffe8df20000 - 0x00007ffe8e01a000 	C:\Windows\System32\ucrtbase.dll
0x00007ffe818b0000 - 0x00007ffe818c9000 	C:\E\TOOLS\JAVA_21\INSATALLATION\Java\jdk-21\bin\jli.dll
0x00007ffe81810000 - 0x00007ffe8182b000 	C:\E\TOOLS\JAVA_21\INSATALLATION\Java\jdk-21\bin\VCRUNTIME140.dll
0x00007ffe918e0000 - 0x00007ffe91988000 	C:\Windows\System32\ADVAPI32.dll
0x00007ffe8fa70000 - 0x00007ffe8fb0e000 	C:\Windows\System32\msvcrt.dll
0x00007ffe8f140000 - 0x00007ffe8f1e2000 	C:\Windows\System32\sechost.dll
0x00007ffe91b70000 - 0x00007ffe91c88000 	C:\Windows\System32\RPCRT4.dll
0x00007ffe8e2c0000 - 0x00007ffe8e2e6000 	C:\Windows\System32\bcrypt.dll
0x00007ffe91490000 - 0x00007ffe91627000 	C:\Windows\System32\USER32.dll
0x00007ffe8ed40000 - 0x00007ffe8ed60000 	C:\Windows\System32\win32u.dll
0x00007ffe7d980000 - 0x00007ffe7dbf9000 	C:\Windows\WinSxS\amd64_microsoft.windows.common-controls_6595b64144ccf1df_6.0.17763.7314_none_de6e929c534dad2b\COMCTL32.dll
0x00007ffe918b0000 - 0x00007ffe918d9000 	C:\Windows\System32\GDI32.dll
0x00007ffe8e390000 - 0x00007ffe8e53c000 	C:\Windows\System32\gdi32full.dll
0x00007ffe8f410000 - 0x00007ffe8f73a000 	C:\Windows\System32\combase.dll
0x00007ffe8e2f0000 - 0x00007ffe8e390000 	C:\Windows\System32\msvcp_win.dll
0x00007ffe8de20000 - 0x00007ffe8dea2000 	C:\Windows\System32\bcryptPrimitives.dll
0x00007ffe7df40000 - 0x00007ffe7df4a000 	C:\Windows\SYSTEM32\VERSION.dll
0x00007ffe91d00000 - 0x00007ffe91d2e000 	C:\Windows\System32\IMM32.DLL
0x00007ffe8aae0000 - 0x00007ffe8aaec000 	C:\E\TOOLS\JAVA_21\INSATALLATION\Java\jdk-21\bin\vcruntime140_1.dll
0x00007ffe762b0000 - 0x00007ffe7633e000 	C:\E\TOOLS\JAVA_21\INSATALLATION\Java\jdk-21\bin\msvcp140.dll
0x00007ffe490a0000 - 0x00007ffe49dba000 	C:\E\TOOLS\JAVA_21\INSATALLATION\Java\jdk-21\bin\server\jvm.dll
0x00007ffe8dd00000 - 0x00007ffe8dd5d000 	C:\Windows\System32\POWRPROF.dll
0x00007ffe8fa00000 - 0x00007ffe8fa6d000 	C:\Windows\System32\WS2_32.dll
0x00007ffe8aea0000 - 0x00007ffe8aec4000 	C:\Windows\SYSTEM32\WINMM.dll
0x00007ffe8ae70000 - 0x00007ffe8ae9d000 	C:\Windows\SYSTEM32\winmmbase.dll
0x00007ffe8ded0000 - 0x00007ffe8df1a000 	C:\Windows\System32\cfgmgr32.dll
0x00007ffe8dd60000 - 0x00007ffe8dd71000 	C:\Windows\System32\kernel.appcore.dll
0x00007ffe8aa10000 - 0x00007ffe8aa1a000 	C:\E\TOOLS\JAVA_21\INSATALLATION\Java\jdk-21\bin\jimage.dll
0x00007ffe7b8d0000 - 0x00007ffe7babd000 	C:\Windows\SYSTEM32\DBGHELP.DLL
0x00007ffe7a7e0000 - 0x00007ffe7a80a000 	C:\Windows\SYSTEM32\dbgcore.DLL
0x00007ffe77170000 - 0x00007ffe771ac000 	C:\E\TOOLS\JAVA_21\INSATALLATION\Java\jdk-21\bin\jdwp.dll
0x00007ffe89730000 - 0x00007ffe8973f000 	C:\E\TOOLS\JAVA_21\INSATALLATION\Java\jdk-21\bin\instrument.dll
0x00007ffe7de70000 - 0x00007ffe7de8f000 	C:\E\TOOLS\JAVA_21\INSATALLATION\Java\jdk-21\bin\java.dll
0x00007ffe8fb10000 - 0x00007ffe91008000 	C:\Windows\System32\SHELL32.dll
0x00007ffe917a0000 - 0x00007ffe91847000 	C:\Windows\System32\shcore.dll
0x00007ffe8e540000 - 0x00007ffe8ec88000 	C:\Windows\System32\windows.storage.dll
0x00007ffe8dd80000 - 0x00007ffe8dda3000 	C:\Windows\System32\profapi.dll
0x00007ffe91850000 - 0x00007ffe918a2000 	C:\Windows\System32\shlwapi.dll
0x00007ffe8deb0000 - 0x00007ffe8decb000 	C:\Windows\System32\cryptsp.dll
0x00007ffe761d0000 - 0x00007ffe762a7000 	C:\E\TOOLS\JAVA_21\INSATALLATION\Java\jdk-21\bin\jsvml.dll
0x00007ffe82ff0000 - 0x00007ffe82ffc000 	C:\E\TOOLS\JAVA_21\INSATALLATION\Java\jdk-21\bin\dt_socket.dll
0x00007ffe8d1c0000 - 0x00007ffe8d1fd000 	C:\Windows\SYSTEM32\IPHLPAPI.DLL
0x00007ffe8d4d0000 - 0x00007ffe8d537000 	C:\Windows\system32\mswsock.dll
0x00007ffe8d250000 - 0x00007ffe8d316000 	C:\Windows\SYSTEM32\DNSAPI.dll
0x00007ffe8f320000 - 0x00007ffe8f328000 	C:\Windows\System32\NSI.dll
0x00007ffe82750000 - 0x00007ffe8275a000 	C:\Windows\System32\rasadhlp.dll
0x00007ffe82bc0000 - 0x00007ffe82c39000 	C:\Windows\System32\fwpuclnt.dll
0x00007ffe7de50000 - 0x00007ffe7de68000 	C:\E\TOOLS\JAVA_21\INSATALLATION\Java\jdk-21\bin\zip.dll
0x00007ffe88890000 - 0x00007ffe888a0000 	C:\E\TOOLS\JAVA_21\INSATALLATION\Java\jdk-21\bin\net.dll
0x00007ffe82ef0000 - 0x00007ffe82fed000 	C:\Windows\SYSTEM32\WINHTTP.dll
0x00007ffe77fe0000 - 0x00007ffe77ff6000 	C:\E\TOOLS\JAVA_21\INSATALLATION\Java\jdk-21\bin\nio.dll
0x00007ffe81870000 - 0x00007ffe81880000 	C:\E\TOOLS\JAVA_21\INSATALLATION\Java\jdk-21\bin\verify.dll
0x00007ffe820a0000 - 0x00007ffe820aa000 	C:\E\TOOLS\JAVA_21\INSATALLATION\Java\jdk-21\bin\management.dll
0x00007ffe82070000 - 0x00007ffe8207b000 	C:\E\TOOLS\JAVA_21\INSATALLATION\Java\jdk-21\bin\management_ext.dll
0x00007ffe91c90000 - 0x00007ffe91c98000 	C:\Windows\System32\PSAPI.DLL
0x00007ffe81cc0000 - 0x00007ffe81cd6000 	C:\Windows\system32\napinsp.dll
0x00007ffe81ca0000 - 0x00007ffe81cba000 	C:\Windows\system32\pnrpnsp.dll
0x00007ffe8aad0000 - 0x00007ffe8aade000 	C:\Windows\System32\winrnr.dll
0x00007ffe89760000 - 0x00007ffe8977b000 	C:\Windows\system32\NLAapi.dll
0x00007ffe842e0000 - 0x00007ffe842f5000 	C:\Windows\system32\wshbth.dll
0x00007ffe81ae0000 - 0x00007ffe81ae9000 	C:\E\TOOLS\JAVA_21\INSATALLATION\Java\jdk-21\bin\extnet.dll
0x00007ffe8cff0000 - 0x00007ffe8d023000 	C:\Windows\system32\rsaenh.dll
0x00007ffe8dbe0000 - 0x00007ffe8dc09000 	C:\Windows\SYSTEM32\USERENV.dll
0x00007ffe8d6a0000 - 0x00007ffe8d6ac000 	C:\Windows\SYSTEM32\CRYPTBASE.dll
0x00007ffe80ef0000 - 0x00007ffe80efe000 	C:\E\TOOLS\JAVA_21\INSATALLATION\Java\jdk-21\bin\sunmscapi.dll
0x00007ffe8ed60000 - 0x00007ffe8ef76000 	C:\Windows\System32\CRYPT32.dll
0x00007ffe8dce0000 - 0x00007ffe8dcf2000 	C:\Windows\System32\MSASN1.dll
0x00007ffe8d7a0000 - 0x00007ffe8d7cc000 	C:\Windows\SYSTEM32\ncrypt.dll
0x00007ffe8d760000 - 0x00007ffe8d79c000 	C:\Windows\SYSTEM32\NTASN1.dll
0x00007ffe820c0000 - 0x00007ffe820c7000 	C:\Windows\system32\wshunix.dll
0x00007ffe80180000 - 0x00007ffe8035b000 	C:\Windows\system32\urlmon.dll
0x00007ffe7fed0000 - 0x00007ffe8017d000 	C:\Windows\SYSTEM32\iertutil.dll
0x00007ffe7fea0000 - 0x00007ffe7fec6000 	C:\Windows\SYSTEM32\srvcli.dll
0x00007ffe8d320000 - 0x00007ffe8d32e000 	C:\Windows\SYSTEM32\netutils.dll

dbghelp: loaded successfully - version: 4.0.5 - missing functions: none
symbol engine: initialized successfully - sym options: 0x614 - pdb path: .;C:\E\TOOLS\JAVA_21\INSATALLATION\Java\jdk-21\bin;C:\Windows\SYSTEM32;C:\Windows\WinSxS\amd64_microsoft.windows.common-controls_6595b64144ccf1df_6.0.17763.7314_none_de6e929c534dad2b;C:\E\TOOLS\JAVA_21\INSATALLATION\Java\jdk-21\bin\server

VM Arguments:
jvm_args: -XX:+ShowCodeDetailsInExceptionMessages -agentlib:jdwp=transport=dt_socket,suspend=y,address=localhost:52979 -javaagent:C:\E\TOOLS\JAVA_21\ECLIPSE_JAVA21_INSTALL\eclipse\configuration\org.eclipse.osgi\450\0\.cp\lib\javaagent-shaded.jar -Dfile.encoding=UTF-8 -Dstdout.encoding=UTF-8 -Dstderr.encoding=UTF-8 
java_command: com.chj.gr.ClientConsumerApplication
java_class_path (initial): C:\E\TOOLS\JAVA_21\2.7.18\3_WKS_STS_OAUTH2_CLIENT_CREDENTIALS_SERVER_TO_SERVER_DEMO\sts-oauth2-client-credentials-server-to-server-demo\springboot-oauth2-external-resttemplate-consumer\target\test-classes;C:\E\TOOLS\JAVA_21\2.7.18\3_WKS_STS_OAUTH2_CLIENT_CREDENTIALS_SERVER_TO_SERVER_DEMO\sts-oauth2-client-credentials-server-to-server-demo\springboot-oauth2-external-resttemplate-consumer\target\classes;C:\Users\JIHED\.m2\repository\org\springframework\boot\spring-boot-starter-web\2.7.18\spring-boot-starter-web-2.7.18.jar;C:\Users\JIHED\.m2\repository\org\springframework\boot\spring-boot-starter\2.7.18\spring-boot-starter-2.7.18.jar;C:\Users\JIHED\.m2\repository\org\springframework\boot\spring-boot\2.7.18\spring-boot-2.7.18.jar;C:\Users\JIHED\.m2\repository\org\springframework\boot\spring-boot-autoconfigure\2.7.18\spring-boot-autoconfigure-2.7.18.jar;C:\Users\JIHED\.m2\repository\org\springframework\boot\spring-boot-starter-logging\2.7.18\spring-boot-starter-logging-2.7.18.jar;C:\Users\JIHED\.m2\repository\ch\qos\logback\logback-classic\1.2.12\logback-classic-1.2.12.jar;C:\Users\JIHED\.m2\repository\ch\qos\logback\logback-core\1.2.12\logback-core-1.2.12.jar;C:\Users\JIHED\.m2\repository\org\apache\logging\log4j\log4j-to-slf4j\2.17.2\log4j-to-slf4j-2.17.2.jar;C:\Users\JIHED\.m2\repository\org\apache\logging\log4j\log4j-api\2.17.2\log4j-api-2.17.2.jar;C:\Users\JIHED\.m2\repository\org\slf4j\jul-to-slf4j\1.7.36\jul-to-slf4j-1.7.36.jar;C:\Users\JIHED\.m2\repository\jakarta\annotation\jakarta.annotation-api\1.3.5\jakarta.annotation-api-1.3.5.jar;C:\Users\JIHED\.m2\repository\org\yaml\snakeyaml\1.30\snakeyaml-1.30.jar;C:\Users\JIHED\.m2\repository\org\springframework\boot\spring-boot-starter-json\2.7.18\spring-boot-starter-json-2.7.18.jar;C:\Users\JIHED\.m2\repository\com\fasterxml\jackson\datatype\jackson-datatype-jdk8\2.13.5\jackson-datatype-jdk8-2.13.5.jar;C:\Users\JIHED\.m2\repository\com\fasterxml\jackson\datatype\jackson-datatype-jsr310\2.13.5\jackson-datatype-jsr310-2.13.5.jar;C:\Users\JIHED\.m2\repository\com\fasterxml\jackson\module\jackson-module-parameter-names\2.13.5\jackson-module-parameter-names-2.13.5.jar;C:\Users\JIHED\.m2\repository\org\springframework\boot\spring-boot-starter-tomcat\2.7.18\spring-boot-starter-tomcat-2.7.18.jar;C:\Users\JIHED\.m2\repository\org\apache\tomcat\embed\tomcat-embed-core\9.0.83\tomcat-embed-core-9.0.83.jar;C:\Users\JIHED\.m2\repository\org\apache\tomcat\embed\tomcat-embed-el\9.0.83\tomcat-embed-el-9.0.83.jar;C:\Users\JIHED\.m2\repository\org\apache\tomcat\embed\tomcat-embed-websocket\9.0.83\tomcat-embed-websocket-9.0.83.jar;C:\Users\JIHED\.m2\repository\org\springframework\spring-web\5.3.31\spring-web-5.3.31.jar;C:\Users\JIHED\.m2\repository\org\springframework\spring-beans\5.3.31\spring-beans-5.3.31.jar;C:\Users\JIHED\.m2\repository\org\springframework\spring-webmvc\5.3.31\spring-webmvc-5.3.31.jar;C:\Users\JIHED\.m2\repository\org\springframework\spring-aop\5.3.31\spring-aop-5.3.31.jar;C:\Users\JIHED\.m2\repository\org\springframework\spring-context\5.3.31\spring-context-5.3.31.jar;C:\Users\JIHED\.m2\repository\org\springframework\spring-expression\5.3.31\spring-expression-5.3.31.jar;C:\Users\JIHED\.m2\repository\org\springframework\boot\spring-boot-starter-actuator\2.7.18\spring-boot-starter-actuator-2.7.18.jar;C:\Users\JIHED\.m2\repository\org\springframework\boot\spring-boot-actuator-autoconfigure\2.7.18\spring-boot-actuator-autoconfigure-2.7.18.jar;C:\Users\JIHED\.m2\repository\org\springframework\boot\spring-boot-actuator\2.7.18\spring-boot-actuator-2.7.18.jar;C:\Users\JIHED\.m2\repository\io\micrometer\micrometer-core\1.9.17\micrometer-core-1.9.17.jar;C:\Users\JIHED\.m2\repository\org\hdrhistogram\HdrHistogram\2.1.12\HdrHistogram-2.1.12.jar;C:\Users\JIHED\.m2\repository\org\latencyutils\LatencyUtils\2.0.3\LatencyUtils-2.0.3.jar;C:\Users\JIHED\.m2\repository\org\springframework\cloud\spring-cloud-starter-netflix-eureka-client\3.1.7\spring-cloud-starter-netflix-eureka-client-3.1.7.jar;C:\Users\JIHED\.m2\repository\org\springframework\cloud\spring-cloud-starter\3.1.7\spring-cloud-starter-3.1.7.jar;C:\Users\JIHED\.m2\repository\org\springframework\cloud\spring-cloud-context\3.1.7\spring-cloud-context-3.1.7.jar;C:\Users\JIHED\.m2\repository\org\springframework\security\spring-security-crypto\5.7.11\spring-security-crypto-5.7.11.jar;C:\Users\JIHED\.m2\repository\org\springframework\cloud\spring-cloud-commons\3.1.7\spring-cloud-commons-3.1.7.jar;C:\Users\JIHED\.m2\repository\org\springframework\security\spring-security-rsa\1.0.11.RELEASE\spring-security-rsa-1.0.11.RELEASE.jar;C:\Users\JIHED\.m2\repository\org\bouncycastle\bcpkix-jdk15on\1.69\bcpkix-jdk15on-1.69.jar;C:\Users\JIHED\.m2\repository\org\bouncycastle\bcprov-jdk15on\1.69\bcprov-jdk15on-1.69.jar;C:\Users\JIHED\.m2\repository\org\bouncycastle\bcutil-jdk15on\1.69\bcutil-jdk15on-1.69.jar;C:\Users\JIHED\.m2\repository\org\springframework\cloud\spring-cloud-netflix-eureka-client\3.1.7\spring-cloud-netflix-eureka-client-3.1.7.jar;C:\Users\JIHED\.m2\repository\com\netflix\eureka\eureka-client\1.10.17\eureka-client-1.10.17.jar;C:\Users\JIHED\.m2\repository\com\netflix\netflix-commons\netflix-eventbus\0.3.0\netflix-eventbus-0.3.0.jar;C:\Users\JIHED\.m2\repository\com\netflix\netflix-commons\netflix-infix\0.3.0\netflix-infix-0.3.0.jar;C:\Users\JIHED\.m2\repository\commons-jxpath\commons-jxpath\1.3\commons-jxpath-1.3.jar;C:\Users\JIHED\.m2\repository\joda-time\joda-time\2.3\joda-time-2.3.jar;C:\Users\JIHED\.m2\repository\org\antlr\antlr-runtime\3.4\antlr-runtime-3.4.jar;C:\Users\JIHED\.m2\repository\org\antlr\stringtemplate\3.2.1\stringtemplate-3.2.1.jar;C:\Users\JIHED\.m2\repository\antlr\antlr\2.7.7\antlr-2.7.7.jar;C:\Users\JIHED\.m2\repository\com\google\code\gson\gson\2.9.1\gson-2.9.1.jar;C:\Users\JIHED\.m2\repository\org\apache\commons\commons-math\2.2\commons-math-2.2.jar;C:\Users\JIHED\.m2\repository\com\thoughtworks\xstream\xstream\1.4.18\xstream-1.4.18.jar;C:\Users\JIHED\.m2\repository\io\github\x-stream\mxparser\1.2.2\mxparser-1.2.2.jar;C:\Users\JIHED\.m2\repository\xmlpull\xmlpull\1.1.3.1\xmlpull-1.1.3.1.jar;C:\Users\JIHED\.m2\repository\javax\ws\rs\jsr311-api\1.1.1\jsr311-api-1.1.1.jar;C:\Users\JIHED\.m2\repository\com\netflix\servo\servo-core\0.12.21\servo-core-0.12.21.jar;C:\Users\JIHED\.m2\repository\com\google\guava\guava\19.0\guava-19.0.jar;C:\Users\JIHED\.m2\repository\org\apache\httpcomponents\httpclient\4.5.14\httpclient-4.5.14.jar;C:\Users\JIHED\.m2\repository\org\apache\httpcomponents\httpcore\4.4.16\httpcore-4.4.16.jar;C:\Users\JIHED\.m2\repository\commons-codec\commons-codec\1.15\commons-codec-1.15.jar;C:\Users\JIHED\.m2\repository\commons-configuration\commons-configuration\1.10\commons-configuration-1.10.jar;C:\Users\JIHED\.m2\repository\com\google\inject\guice\4.1.0\guice-4.1.0.jar;C:\Users\JIHED\.m2\repository\javax\inject\javax.inject\1\javax.inject-1.jar;C:\Users\JIHED\.m2\repository\com\fasterxml\jackson\core\jackson-annotations\2.13.5\jackson-annotations-2.13.5.jar;C:\Users\JIHED\.m2\repository\com\fasterxml\jackson\core\jackson-core\2.13.5\jackson-core-2.13.5.jar;C:\Users\JIHED\.m2\repository\org\codehaus\jettison\jettison\1.4.0\jettison-1.4.0.jar;C:\Users\JIHED\.m2\repository\com\netflix\eureka\eureka-core\1.10.17\eureka-core-1.10.17.jar;C:\Users\JIHED\.m2\repository\com\fasterxml\woodstox\woodstox-core\6.2.1\woodstox-core-6.2.1.jar;C:\Users\JIHED\.m2\repository\org\codehaus\woodstox\stax2-api\4.2.1\stax2-api-4.2.1.jar;C:\Users\JIHED\.m2\repository\org\springframework\cloud\spring-cloud-starter-loadbalancer\3.1.7\spring-cloud-starter-loadbalancer-3.1.7.jar;C:\Users\JIHED\.m2\repository\org\springframework\cloud\spring-cloud-loadbalancer\3.1.7\spring-cloud-loadbalancer-3.1.7.jar;C:\Users\JIHED\.m2\repository\io\projectreactor\reactor-core\3.4.34\reactor-core-3.4.34.jar;C:\Users\JIHED\.m2\repository\org\reactivestreams\reactive-streams\1.0.4\reactive-streams-1.0.4.jar;C:\Users\JIHED\.m2\repository\io\projectreactor\addons\reactor-extra\3.4.10\reactor-extra-3.4.10.jar;C:\Users\JIHED\.m2\repository\org\springframework\boot\spring-boot-starter-cache\2.7.18\spring-boot-starter-cache-2.7.18.jar;C:\Users\JIHED\.m2\repository\org\springframework\spring-context-support\5.3.31\spring-context-support-5.3.31.jar;C:\Users\JIHED\.m2\repository\com\stoyanr\evictor\1.0.0\evictor-1.0.0.jar;C:\Users\JIHED\.m2\repository\org\springframework\cloud\spring-cloud-starter-sleuth\3.1.9\spring-cloud-starter-sleuth-3.1.9.jar;C:\Users\JIHED\.m2\repository\org\springframework\boot\spring-boot-starter-aop\2.7.18\spring-boot-starter-aop-2.7.18.jar;C:\Users\JIHED\.m2\repository\org\aspectj\aspectjweaver\1.9.7\aspectjweaver-1.9.7.jar;C:\Users\JIHED\.m2\repository\org\springframework\cloud\spring-cloud-sleuth-autoconfigure\3.1.9\spring-cloud-sleuth-autoconfigure-3.1.9.jar;C:\Users\JIHED\.m2\repository\org\springframework\cloud\spring-cloud-sleuth-instrumentation\3.1.9\spring-cloud-sleuth-instrumentation-3.1.9.jar;C:\Users\JIHED\.m2\repository\org\springframework\cloud\spring-cloud-sleuth-api\3.1.9\spring-cloud-sleuth-api-3.1.9.jar;C:\Users\JIHED\.m2\repository\org\aspectj\aspectjrt\1.9.7\aspectjrt-1.9.7.jar;C:\Users\JIHED\.m2\repository\org\springframework\cloud\spring-cloud-sleuth-brave\3.1.9\spring-cloud-sleuth-brave-3.1.9.jar;C:\Users\JIHED\.m2\repository\io\zipkin\brave\brave\5.13.9\brave-5.13.9.jar;C:\Users\JIHED\.m2\repository\io\zipkin\brave\brave-context-slf4j\5.13.9\brave-context-slf4j-5.13.9.jar;C:\Users\JIHED\.m2\repository\io\zipkin\brave\brave-instrumentation-messaging\5.13.9\brave-instrumentation-messaging-5.13.9.jar;C:\Users\JIHED\.m2\repository\io\zipkin\brave\brave-instrumentation-rpc\5.13.9\brave-instrumentation-rpc-5.13.9.jar;C:\Users\JIHED\.m2\repository\io\zipkin\brave\brave-instrumentation-spring-rabbit\5.13.9\brave-instrumentation-spring-rabbit-5.13.9.jar;C:\Users\JIHED\.m2\repository\io\zipkin\brave\brave-instrumentation-kafka-clients\5.13.9\brave-instrumentation-kafka-clients-5.13.9.jar;C:\Users\JIHED\.m2\repository\io\zipkin\brave\brave-instrumentation-kafka-streams\5.13.9\brave-instrumentation-kafka-streams-5.13.9.jar;C:\Users\JIHED\.m2\repository\io\zipkin\brave\brave-instrumentation-httpclient\5.13.9\brave-instrumentation-httpclient-5.13.9.jar;C:\Users\JIHED\.m2\repository\io\zipkin\brave\brave-instrumentation-http\5.13.9\brave-instrumentation-http-5.13.9.jar;C:\Users\JIHED\.m2\repository\io\zipkin\brave\brave-instrumentation-httpasyncclient\5.13.9\brave-instrumentation-httpasyncclient-5.13.9.jar;C:\Users\JIHED\.m2\repository\io\zipkin\brave\brave-instrumentation-jms\5.13.9\brave-instrumentation-jms-5.13.9.jar;C:\Users\JIHED\.m2\repository\io\zipkin\brave\brave-instrumentation-mongodb\5.13.9\brave-instrumentation-mongodb-5.13.9.jar;C:\Users\JIHED\.m2\repository\io\zipkin\aws\brave-propagation-aws\0.21.3\brave-propagation-aws-0.21.3.jar;C:\Users\JIHED\.m2\repository\io\zipkin\reporter2\zipkin-reporter-metrics-micrometer\2.16.3\zipkin-reporter-metrics-micrometer-2.16.3.jar;C:\Users\JIHED\.m2\repository\org\springframework\cloud\spring-cloud-starter-zipkin\2.2.8.RELEASE\spring-cloud-starter-zipkin-2.2.8.RELEASE.jar;C:\Users\JIHED\.m2\repository\org\springframework\cloud\spring-cloud-sleuth-zipkin\3.1.9\spring-cloud-sleuth-zipkin-3.1.9.jar;C:\Users\JIHED\.m2\repository\io\zipkin\zipkin2\zipkin\2.23.2\zipkin-2.23.2.jar;C:\Users\JIHED\.m2\repository\io\zipkin\reporter2\zipkin-reporter\2.16.3\zipkin-reporter-2.16.3.jar;C:\Users\JIHED\.m2\repository\io\zipkin\reporter2\zipkin-reporter-brave\2.16.3\zipkin-reporter-brave-2.16.3.jar;C:\Users\JIHED\.m2\repository\io\zipkin\reporter2\zipkin-sender-kafka\2.16.3\zipkin-sender-kafka-2.16.3.jar;C:\Users\JIHED\.m2\repository\io\zipkin\reporter2\zipkin-sender-activemq-client\2.16.3\zipkin-sender-activemq-client-2.16.3.jar;C:\Users\JIHED\.m2\repository\io\zipkin\reporter2\zipkin-sender-amqp-client\2.16.3\zipkin-sender-amqp-client-2.16.3.jar;C:\Users\JIHED\.m2\repository\org\springdoc\springdoc-openapi-ui\1.6.9\springdoc-openapi-ui-1.6.9.jar;C:\Users\JIHED\.m2\repository\org\springdoc\springdoc-openapi-webmvc-core\1.6.9\springdoc-openapi-webmvc-core-1.6.9.jar;C:\Users\JIHED\.m2\repository\org\springdoc\springdoc-openapi-common\1.6.9\springdoc-openapi-common-1.6.9.jar;C:\Users\JIHED\.m2\repository\io\swagger\core\v3\swagger-core\2.2.0\swagger-core-2.2.0.jar;C:\Users\JIHED\.m2\repository\org\apache\commons\commons-lang3\3.12.0\commons-lang3-3.12.0.jar;C:\Users\JIHED\.m2\repository\com\fasterxml\jackson\dataformat\jackson-dataformat-yaml\2.13.5\jackson-dataformat-yaml-2.13.5.jar;C:\Users\JIHED\.m2\repository\io\swagger\core\v3\swagger-annotations\2.2.0\swagger-annotations-2.2.0.jar;C:\Users\JIHED\.m2\repository\io\swagger\core\v3\swagger-models\2.2.0\swagger-models-2.2.0.jar;C:\Users\JIHED\.m2\repository\jakarta\validation\jakarta.validation-api\2.0.2\jakarta.validation-api-2.0.2.jar;C:\Users\JIHED\.m2\repository\org\webjars\swagger-ui\4.11.1\swagger-ui-4.11.1.jar;C:\Users\JIHED\.m2\repository\org\webjars\webjars-locator-core\0.50\webjars-locator-core-0.50.jar;C:\Users\JIHED\.m2\repository\org\slf4j\slf4j-api\1.7.36\slf4j-api-1.7.36.jar;C:\Users\JIHED\.m2\repository\io\github\classgraph\classgraph\4.8.147\classgraph-4.8.147.jar;C:\Users\JIHED\.m2\repository\org\springframework\cloud\spring-cloud-starter-config\3.1.8\spring-cloud-starter-config-3.1.8.jar;C:\Users\JIHED\.m2\repository\org\springframework\cloud\spring-cloud-config-client\3.1.8\spring-cloud-config-client-3.1.8.jar;C:\Users\JIHED\.m2\repository\com\fasterxml\jackson\core\jackson-databind\2.13.5\jackson-databind-2.13.5.jar;C:\Users\JIHED\.m2\repository\org\springframework\cloud\spring-cloud-starter-bootstrap\3.1.7\spring-cloud-starter-bootstrap-3.1.7.jar;C:\Users\JIHED\.m2\repository\io\jsonwebtoken\jjwt\0.12.6\jjwt-0.12.6.jar;C:\Users\JIHED\.m2\repository\io\jsonwebtoken\jjwt-api\0.12.6\jjwt-api-0.12.6.jar;C:\Users\JIHED\.m2\repository\io\jsonwebtoken\jjwt-impl\0.12.6\jjwt-impl-0.12.6.jar;C:\Users\JIHED\.m2\repository\io\jsonwebtoken\jjwt-jackson\0.12.6\jjwt-jackson-0.12.6.jar;C:\Users\JIHED\.m2\repository\org\springframework\boot\spring-boot-starter-test\2.7.18\spring-boot-starter-test-2.7.18.jar;C:\Users\JIHED\.m2\repository\org\springframework\boot\spring-boot-test\2.7.18\spring-boot-test-2.7.18.jar;C:\Users\JIHED\.m2\repository\org\springframework\boot\spring-boot-test-autoconfigure\2.7.18\spring-boot-test-autoconfigure-2.7.18.jar;C:\Users\JIHED\.m2\repository\com\jayway\jsonpath\json-path\2.7.0\json-path-2.7.0.jar;C:\Users\JIHED\.m2\repository\net\minidev\json-smart\2.4.11\json-smart-2.4.11.jar;C:\Users\JIHED\.m2\repository\net\minidev\accessors-smart\2.4.11\accessors-smart-2.4.11.jar;C:\Users\JIHED\.m2\repository\org\ow2\asm\asm\9.3\asm-9.3.jar;C:\Users\JIHED\.m2\repository\jakarta\xml\bind\jakarta.xml.bind-api\2.3.3\jakarta.xml.bind-api-2.3.3.jar;C:\Users\JIHED\.m2\repository\jakarta\activation\jakarta.activation-api\1.2.2\jakarta.activation-api-1.2.2.jar;C:\Users\JIHED\.m2\repository\org\assertj\assertj-core\3.22.0\assertj-core-3.22.0.jar;C:\Users\JIHED\.m2\repository\org\hamcrest\hamcrest\2.2\hamcrest-2.2.jar;C:\Users\JIHED\.m2\repository\org\junit\jupiter\junit-jupiter\5.8.2\junit-jupiter-5.8.2.jar;C:\Users\JIHED\.m2\repository\org\junit\jupiter\junit-jupiter-api\5.8.2\junit-jupiter-api-5.8.2.jar;C:\Users\JIHED\.m2\repository\org\opentest4j\opentest4j\1.2.0\opentest4j-1.2.0.jar;C:\Users\JIHED\.m2\repository\org\junit\platform\junit-platform-commons\1.8.2\junit-platform-commons-1.8.2.jar;C:\Users\JIHED\.m2\repository\org\apiguardian\apiguardian-api\1.1.2\apiguardian-api-1.1.2.jar;C:\Users\JIHED\.m2\repository\org\junit\jupiter\junit-jupiter-params\5.8.2\junit-jupiter-params-5.8.2.jar;C:\Users\JIHED\.m2\repository\org\junit\jupiter\junit-jupiter-engine\5.8.2\junit-jupiter-engine-5.8.2.jar;C:\Users\JIHED\.m2\repository\org\junit\platform\junit-platform-engine\1.8.2\junit-platform-engine-1.8.2.jar;C:\Users\JIHED\.m2\repository\org\mockito\mockito-core\4.5.1\mockito-core-4.5.1.jar;C:\Users\JIHED\.m2\repository\net\bytebuddy\byte-buddy\1.12.23\byte-buddy-1.12.23.jar;C:\Users\JIHED\.m2\repository\net\bytebuddy\byte-buddy-agent\1.12.23\byte-buddy-agent-1.12.23.jar;C:\Users\JIHED\.m2\repository\org\objenesis\objenesis\3.2\objenesis-3.2.jar;C:\Users\JIHED\.m2\repository\org\mockito\mockito-junit-jupiter\4.5.1\mockito-junit-jupiter-4.5.1.jar;C:\Users\JIHED\.m2\repository\org\skyscreamer\jsonassert\1.5.1\jsonassert-1.5.1.jar;C:\Users\JIHED\.m2\repository\com\vaadin\external\google\android-json\0.0.20131108.vaadin1\android-json-0.0.20131108.vaadin1.jar;C:\Users\JIHED\.m2\repository\org\springframework\spring-core\5.3.31\spring-core-5.3.31.jar;C:\Users\JIHED\.m2\repository\org\springframework\spring-jcl\5.3.31\spring-jcl-5.3.31.jar;C:\Users\JIHED\.m2\repository\org\springframework\spring-test\5.3.31\spring-test-5.3.31.jar;C:\Users\JIHED\.m2\repository\org\xmlunit\xmlunit-core\2.9.1\xmlunit-core-2.9.1.jar
Launcher Type: SUN_STANDARD

[Global flags]
     intx CICompilerCount                          = 4                                         {product} {ergonomic}
     uint ConcGCThreads                            = 2                                         {product} {ergonomic}
     uint G1ConcRefinementThreads                  = 8                                         {product} {ergonomic}
   size_t G1HeapRegionSize                         = 2097152                                   {product} {ergonomic}
    uintx GCDrainStackTargetSize                   = 64                                        {product} {ergonomic}
   size_t InitialHeapSize                          = 268435456                                 {product} {ergonomic}
   size_t MarkStackSize                            = 4194304                                   {product} {ergonomic}
   size_t MaxHeapSize                              = 4273995776                                {product} {ergonomic}
   size_t MaxNewSize                               = 2562719744                                {product} {ergonomic}
   size_t MinHeapDeltaBytes                        = 2097152                                   {product} {ergonomic}
   size_t MinHeapSize                              = 8388608                                   {product} {ergonomic}
    uintx NonNMethodCodeHeapSize                   = 5839372                                {pd product} {ergonomic}
    uintx NonProfiledCodeHeapSize                  = 122909434                              {pd product} {ergonomic}
    uintx ProfiledCodeHeapSize                     = 122909434                              {pd product} {ergonomic}
    uintx ReservedCodeCacheSize                    = 251658240                              {pd product} {ergonomic}
     bool SegmentedCodeCache                       = true                                      {product} {ergonomic}
     bool ShowCodeDetailsInExceptionMessages       = true                                   {manageable} {command line}
   size_t SoftMaxHeapSize                          = 4273995776                             {manageable} {ergonomic}
     bool UseCompressedOops                        = true                           {product lp64_product} {ergonomic}
     bool UseG1GC                                  = true                                      {product} {ergonomic}
     bool UseLargePagesIndividualAllocation        = false                                  {pd product} {ergonomic}

Logging:
Log output configuration:
 #0: stdout all=warning uptime,level,tags foldmultilines=false
 #1: stderr all=off uptime,level,tags foldmultilines=false

Environment Variables:
JAVA_HOME=C:\E\TOOLS\JAVA_21\INSATALLATION\Java\jdk-21
PATH=C:\Program Files\Common Files\Oracle\Java\javapath;C:\Program Files (x86)\VMware\VMware Workstation\bin\;C:\Windows\system32;C:\Windows;C:\Windows\System32\Wbem;C:\Windows\System32\WindowsPowerShell\v1.0\;C:\Windows\System32\OpenSSH\;C:\E\TOOLS\JAVA_21\INSATALLATION\Java\jdk-21\bin;C:\E\TOOLS\JAVA_21\apache-maven-3.9.9\bin;C:\Program Files\Git\cmd;C:\Program Files\Git\mingw64\bin;C:\Program Files\Git\usr\bin;C:\Users\JIHED\Desktop\Formation_PHP _RANDA\php7;C:\HADOOP_SPARK\HADOOP\hadoop-3.3.0\bin;C:\HADOOP_SPARK\HADOOP\hadoop-3.3.0\sbin;C:\HADOOP_SPARK\HIVE\apache-hive-3.1.2-bin\bin;C:\Program Files\nodejs\;C:\Program Files\PostgreSQL\17\bin;C:\Users\JIHED\AppData\Local\Microsoft\WindowsApps;C:\Users\JIHED\AppData\Local\Programs\Microsoft VS Code\bin;C:\Users\JIHED\AppData\Roaming\npm
USERNAME=JIHED
OS=Windows_NT
PROCESSOR_IDENTIFIER=Intel64 Family 6 Model 60 Stepping 3, GenuineIntel
TMP=C:\Users\JIHED\AppData\Local\Temp
TEMP=C:\Users\JIHED\AppData\Local\Temp




Periodic native trim disabled

---------------  S Y S T E M  ---------------

OS:
 Windows 10 , 64 bit Build 17763 (10.0.17763.7009)
OS uptime: 1 days 21:07 hours

CPU: total 8 (initial active 8) (4 cores per cpu, 2 threads per core) family 6 model 60 stepping 3 microcode 0x28, cx8, cmov, fxsr, ht, mmx, sse, sse2, sse3, ssse3, sse4.1, sse4.2, popcnt, lzcnt, tsc, tscinvbit, avx, avx2, aes, erms, clmul, bmi1, bmi2, fma, vzeroupper, clflush, rdtscp, f16c
Processor Information for all 8 processors :
  Max Mhz: 2601, Current Mhz: 2601, Mhz Limit: 2601

Memory: 4k page, system-wide physical 16296M (3019M free)
TotalPageFile size 25000M (AvailPageFile size 4500M)
current process WorkingSet (physical memory assigned to process): 318M, peak: 471M
current process commit charge ("private bytes"): 356M, peak: 512M

vm_info: Java HotSpot(TM) 64-Bit Server VM (21.0.6+8-LTS-188) for windows-amd64 JRE (21.0.6+8-LTS-188), built on 2024-12-03T10:50:54Z by "mach5one" with MS VC++ 17.6 (VS2022)

END.
